#
# A fatal error has been detected by the Java Runtime Environment:
#
#  Internal Error (signature.cpp:53), pid=74571, tid=20995
#  fatal error: expecting (
#
# JRE version: OpenJDK Runtime Environment AdoptOpenJDK (11.0.9+11) (build 11.0.9+11)
# Java VM: OpenJDK 64-Bit Server VM AdoptOpenJDK (11.0.9+11, mixed mode, tiered, compressed oops, g1 gc, bsd-amd64)
# No core dump will be written. Core dumps have been disabled. To enable core dumping, try "ulimit -c unlimited" before starting Java again
#
# If you would like to submit a bug report, please visit:
#   https://github.com/AdoptOpenJDK/openjdk-support/issues
#

---------------  S U M M A R Y ------------

Command Line: -agentlib:jdwp=transport=dt_socket,suspend=y,address=localhost:49877 -ea -javaagent:/Applications/Eclipse_2020-12.app/Contents/Eclipse/configuration/org.eclipse.osgi/1178/0/.cp/lib/javaagent-shaded.jar -Dfile.encoding=UTF-8 org.eclipse.jdt.internal.junit.runner.RemoteTestRunner -version 3 -port 49876 -testLoaderClass org.eclipse.jdt.internal.junit5.runner.JUnit5TestLoader -loaderpluginname org.eclipse.jdt.junit5.runtime -classNames com.example.demo.controller.CustomerUpsertConfirmControllerTest

Host: MacBookPro16,3 x86_64 1400 MHz, 8 cores, 8G, Darwin 19.6.0
Time: Sun Feb 14 19:19:40 2021 JST elapsed time: 8365.101173 seconds (0d 2h 19m 25s)

---------------  T H R E A D  ---------------

Current thread (0x00007f923101e800):  GCTaskThread "GC Thread#0" [stack: 0x0000700007cc7000,0x0000700007dc7000] [id=20995]

Stack: [0x0000700007cc7000,0x0000700007dc7000],  sp=0x0000700007dc4d00,  free space=1015k
Native frames: (J=compiled Java code, A=aot compiled Java code, j=interpreted, Vv=VM code, C=native code)
V  [libjvm.dylib+0x7b7e0b]  _ZN7VMError14report_and_dieEiPKcS1_P13__va_list_tagP6ThreadPhPvS7_S1_im+0x64f
V  [libjvm.dylib+0x7b8507]  _ZN7VMError14report_and_dieEP6ThreadPvPKciS4_S4_P13__va_list_tag+0x47
V  [libjvm.dylib+0x275cb6]  _Z12report_fatalPKciS0_z+0xb5
V  [libjvm.dylib+0x6fcc2a]  _ZN17SignatureIterator6expectEc+0x36
V  [libjvm.dylib+0x6fd0ff]  _ZN17SignatureIterator18iterate_returntypeEv+0x1f
V  [libjvm.dylib+0x3616a5]  _ZN14GenerateOopMap9do_methodEiiii+0x77
V  [libjvm.dylib+0x35fbbd]  _ZN14GenerateOopMap9interp_bbEP10BasicBlock+0xdb
V  [libjvm.dylib+0x35f8ae]  _ZN14GenerateOopMap10interp_allEv+0x3c
V  [libjvm.dylib+0x35f55b]  _ZN14GenerateOopMap17do_interpretationEv+0x4b
V  [libjvm.dylib+0x361e62]  _ZN14GenerateOopMap11compute_mapEP6Thread+0x164
V  [libjvm.dylib+0x613879]  _ZN19OopMapForCacheEntry11compute_mapEP6Thread+0x51
V  [libjvm.dylib+0x614062]  _ZN16OopMapCacheEntry4fillERK12methodHandlei+0xac
V  [libjvm.dylib+0x61463d]  _ZN11OopMapCache6lookupERK12methodHandleiP17InterpreterOopMap+0x145
V  [libjvm.dylib+0x5d66cd]  _ZN6Method8mask_forEiP17InterpreterOopMap+0x6d
V  [libjvm.dylib+0x2f8037]  _ZN5frame19oops_interpreted_doEP10OopClosurePK11RegisterMapb+0x241
V  [libjvm.dylib+0x7717e9]  _ZN10JavaThread7oops_doEP10OopClosureP15CodeBlobClosure+0x135
V  [libjvm.dylib+0x77285a]  _ZN7Threads28possibly_parallel_threads_doEbP13ThreadClosure+0x7a
V  [libjvm.dylib+0x7742ac]  _ZN7Threads25possibly_parallel_oops_doEbP10OopClosureP15CodeBlobClosure+0x26
V  [libjvm.dylib+0x348373]  _ZN15G1RootProcessor18process_java_rootsEP14G1RootClosuresP14G1GCPhaseTimesj+0xad
V  [libjvm.dylib+0x348135]  _ZN15G1RootProcessor14evacuate_rootsEP20G1ParScanThreadStatej+0x5d
V  [libjvm.dylib+0x30cfc5]  _ZN9G1ParTask4workEj+0xbd
V  [libjvm.dylib+0x7e05dd]  _ZN10GangWorker4loopEv+0x43
V  [libjvm.dylib+0x76d6f4]  _ZN6Thread8call_runEv+0x68
V  [libjvm.dylib+0x61d303]  _ZL19thread_native_entryP6Thread+0x139
C  [libsystem_pthread.dylib+0x6109]  _pthread_start+0x94
C  [libsystem_pthread.dylib+0x1b8b]  thread_start+0xf

JavaThread 0x00007f9231010000 (nid = 5891) was being processed
Java frames: (J=compiled Java code, j=interpreted, Vv=VM code)
j  com.example.demo.controller.CustomerUpsertConfirmControllerTest.戻るを押してidが0の時()V+47
v  ~StubRoutines::call_stub
J 2238  jdk.internal.reflect.NativeMethodAccessorImpl.invoke0(Ljava/lang/reflect/Method;Ljava/lang/Object;[Ljava/lang/Object;)Ljava/lang/Object; java.base@11.0.9 (0 bytes) @ 0x000000011c71cbc7 [0x000000011c71cb40+0x0000000000000087]
J 2237 c1 jdk.internal.reflect.NativeMethodAccessorImpl.invoke(Ljava/lang/Object;[Ljava/lang/Object;)Ljava/lang/Object; java.base@11.0.9 (104 bytes) @ 0x0000000115612954 [0x0000000115612540+0x0000000000000414]
J 1852 c1 jdk.internal.reflect.DelegatingMethodAccessorImpl.invoke(Ljava/lang/Object;[Ljava/lang/Object;)Ljava/lang/Object; java.base@11.0.9 (10 bytes) @ 0x0000000115553d6c [0x0000000115553c40+0x000000000000012c]
J 2363 c1 java.lang.reflect.Method.invoke(Ljava/lang/Object;[Ljava/lang/Object;)Ljava/lang/Object; java.base@11.0.9 (65 bytes) @ 0x000000011564ae24 [0x000000011564ace0+0x0000000000000144]
j  org.junit.platform.commons.util.ReflectionUtils.invokeMethod(Ljava/lang/reflect/Method;Ljava/lang/Object;[Ljava/lang/Object;)Ljava/lang/Object;+41
j  org.junit.jupiter.engine.execution.MethodInvocation.proceed()Ljava/lang/Object;+16
j  org.junit.jupiter.engine.execution.InvocationInterceptorChain$ValidatingInvocation.proceed()Ljava/lang/Object;+8
j  org.junit.jupiter.engine.extension.TimeoutExtension.intercept(Lorg/junit/jupiter/api/extension/InvocationInterceptor$Invocation;Lorg/junit/jupiter/api/extension/ReflectiveInvocationContext;Lorg/junit/jupiter/api/extension/ExtensionContext;Lorg/junit/jupiter/engine/extension/TimeoutDuration;Lorg/junit/jupiter/engine/extension/TimeoutExtension$TimeoutProvider;)Ljava/lang/Object;+28
j  org.junit.jupiter.engine.extension.TimeoutExtension.interceptTestableMethod(Lorg/junit/jupiter/api/extension/InvocationInterceptor$Invocation;Lorg/junit/jupiter/api/extension/ReflectiveInvocationContext;Lorg/junit/jupiter/api/extension/ExtensionContext;Lorg/junit/jupiter/engine/extension/TimeoutExtension$TimeoutProvider;)Ljava/lang/Object;+31
j  org.junit.jupiter.engine.extension.TimeoutExtension.interceptTestMethod(Lorg/junit/jupiter/api/extension/InvocationInterceptor$Invocation;Lorg/junit/jupiter/api/extension/ReflectiveInvocationContext;Lorg/junit/jupiter/api/extension/ExtensionContext;)V+9
j  org.junit.jupiter.engine.descriptor.TestMethodTestDescriptor$$Lambda$144.apply(Lorg/junit/jupiter/api/extension/InvocationInterceptor;Lorg/junit/jupiter/api/extension/InvocationInterceptor$Invocation;Lorg/junit/jupiter/api/extension/ReflectiveInvocationContext;Lorg/junit/jupiter/api/extension/ExtensionContext;)V+5
j  org.junit.jupiter.engine.execution.ExecutableInvoker$ReflectiveInterceptorCall.lambda$ofVoidMethod$0(Lorg/junit/jupiter/engine/execution/ExecutableInvoker$ReflectiveInterceptorCall$VoidMethodInterceptorCall;Lorg/junit/jupiter/api/extension/InvocationInterceptor;Lorg/junit/jupiter/api/extension/InvocationInterceptor$Invocation;Lorg/junit/jupiter/api/extension/ReflectiveInvocationContext;Lorg/junit/jupiter/api/extension/ExtensionContext;)Ljava/lang/Void;+6
j  org.junit.jupiter.engine.execution.ExecutableInvoker$ReflectiveInterceptorCall$$Lambda$145.apply(Lorg/junit/jupiter/api/extension/InvocationInterceptor;Lorg/junit/jupiter/api/extension/InvocationInterceptor$Invocation;Lorg/junit/jupiter/api/extension/ReflectiveInvocationContext;Lorg/junit/jupiter/api/extension/ExtensionContext;)Ljava/lang/Object;+9
j  org.junit.jupiter.engine.execution.ExecutableInvoker.lambda$invoke$0(Lorg/junit/jupiter/engine/execution/ExecutableInvoker$ReflectiveInterceptorCall;Lorg/junit/jupiter/api/extension/ReflectiveInvocationContext;Lorg/junit/jupiter/api/extension/ExtensionContext;Lorg/junit/jupiter/api/extension/InvocationInterceptor;Lorg/junit/jupiter/api/extension/InvocationInterceptor$Invocation;)Ljava/lang/Object;+6
j  org.junit.jupiter.engine.execution.ExecutableInvoker$$Lambda$373.apply(Lorg/junit/jupiter/api/extension/InvocationInterceptor;Lorg/junit/jupiter/api/extension/InvocationInterceptor$Invocation;)Ljava/lang/Object;+14
j  org.junit.jupiter.engine.execution.InvocationInterceptorChain$InterceptedInvocation.proceed()Ljava/lang/Object;+12
j  org.junit.jupiter.engine.execution.InvocationInterceptorChain.proceed(Lorg/junit/jupiter/api/extension/InvocationInterceptor$Invocation;)Ljava/lang/Object;+1
j  org.junit.jupiter.engine.execution.InvocationInterceptorChain.chainAndInvoke(Lorg/junit/jupiter/api/extension/InvocationInterceptor$Invocation;Lorg/junit/jupiter/engine/execution/InvocationInterceptorChain$InterceptorCall;Ljava/util/List;)Ljava/lang/Object;+24
j  org.junit.jupiter.engine.execution.InvocationInterceptorChain.invoke(Lorg/junit/jupiter/api/extension/InvocationInterceptor$Invocation;Lorg/junit/jupiter/engine/extension/ExtensionRegistry;Lorg/junit/jupiter/engine/execution/InvocationInterceptorChain$InterceptorCall;)Ljava/lang/Object;+31
j  org.junit.jupiter.engine.execution.ExecutableInvoker.invoke(Lorg/junit/jupiter/api/extension/InvocationInterceptor$Invocation;Lorg/junit/jupiter/api/extension/ReflectiveInvocationContext;Lorg/junit/jupiter/api/extension/ExtensionContext;Lorg/junit/jupiter/engine/extension/ExtensionRegistry;Lorg/junit/jupiter/engine/execution/ExecutableInvoker$ReflectiveInterceptorCall;)Ljava/lang/Object;+15
j  org.junit.jupiter.engine.execution.ExecutableInvoker.invoke(Ljava/lang/reflect/Method;Ljava/lang/Object;Lorg/junit/jupiter/api/extension/ExtensionContext;Lorg/junit/jupiter/engine/extension/ExtensionRegistry;Lorg/junit/jupiter/engine/execution/ExecutableInvoker$ReflectiveInterceptorCall;)Ljava/lang/Object;+56
j  org.junit.jupiter.engine.descriptor.TestMethodTestDescriptor.lambda$invokeTestMethod$6(Lorg/junit/jupiter/api/extension/ExtensionContext;Lorg/junit/jupiter/engine/execution/JupiterEngineExecutionContext;)V+28
j  org.junit.jupiter.engine.descriptor.TestMethodTestDescriptor$$Lambda$1099.execute()V+12
j  org.junit.platform.engine.support.hierarchical.ThrowableCollector.execute(Lorg/junit/platform/engine/support/hierarchical/ThrowableCollector$Executable;)V+1
j  org.junit.jupiter.engine.descriptor.TestMethodTestDescriptor.invokeTestMethod(Lorg/junit/jupiter/engine/execution/JupiterEngineExecutionContext;Lorg/junit/platform/engine/support/hierarchical/Node$DynamicTestExecutor;)V+21
j  org.junit.jupiter.engine.descriptor.TestMethodTestDescriptor.execute(Lorg/junit/jupiter/engine/execution/JupiterEngineExecutionContext;Lorg/junit/platform/engine/support/hierarchical/Node$DynamicTestExecutor;)Lorg/junit/jupiter/engine/execution/JupiterEngineExecutionContext;+44
j  org.junit.jupiter.engine.descriptor.TestMethodTestDescriptor.execute(Lorg/junit/platform/engine/support/hierarchical/EngineExecutionContext;Lorg/junit/platform/engine/support/hierarchical/Node$DynamicTestExecutor;)Lorg/junit/platform/engine/support/hierarchical/EngineExecutionContext;+6
j  org.junit.platform.engine.support.hierarchical.NodeTestTask.lambda$executeRecursively$5()V+79
j  org.junit.platform.engine.support.hierarchical.NodeTestTask$$Lambda$224.execute()V+4
j  org.junit.platform.engine.support.hierarchical.ThrowableCollector.execute(Lorg/junit/platform/engine/support/hierarchical/ThrowableCollector$Executable;)V+1
j  org.junit.platform.engine.support.hierarchical.NodeTestTask.lambda$executeRecursively$7(Lorg/junit/platform/engine/support/hierarchical/EngineExecutionContext;)V+15
j  org.junit.platform.engine.support.hierarchical.NodeTestTask$$Lambda$223.invoke(Lorg/junit/platform/engine/support/hierarchical/EngineExecutionContext;)V+5
j  org.junit.platform.engine.support.hierarchical.Node.around(Lorg/junit/platform/engine/support/hierarchical/EngineExecutionContext;Lorg/junit/platform/engine/support/hierarchical/Node$Invocation;)V+2
j  org.junit.platform.engine.support.hierarchical.NodeTestTask.lambda$executeRecursively$8()V+14
j  org.junit.platform.engine.support.hierarchical.NodeTestTask$$Lambda$222.execute()V+4
j  org.junit.platform.engine.support.hierarchical.ThrowableCollector.execute(Lorg/junit/platform/engine/support/hierarchical/ThrowableCollector$Executable;)V+1
j  org.junit.platform.engine.support.hierarchical.NodeTestTask.executeRecursively()V+31
j  org.junit.platform.engine.support.hierarchical.NodeTestTask.execute()V+55
j  org.junit.platform.engine.support.hierarchical.SameThreadHierarchicalTestExecutorService$$Lambda$228.accept(Ljava/lang/Object;)V+4
j  java.util.ArrayList.forEach(Ljava/util/function/Consumer;)V+46 java.base@11.0.9
j  org.junit.platform.engine.support.hierarchical.SameThreadHierarchicalTestExecutorService.invokeAll(Ljava/util/List;)V+6
j  org.junit.platform.engine.support.hierarchical.NodeTestTask.lambda$executeRecursively$5()V+116
j  org.junit.platform.engine.support.hierarchical.NodeTestTask$$Lambda$224.execute()V+4
j  org.junit.platform.engine.support.hierarchical.ThrowableCollector.execute(Lorg/junit/platform/engine/support/hierarchical/ThrowableCollector$Executable;)V+1
j  org.junit.platform.engine.support.hierarchical.NodeTestTask.lambda$executeRecursively$7(Lorg/junit/platform/engine/support/hierarchical/EngineExecutionContext;)V+15
j  org.junit.platform.engine.support.hierarchical.NodeTestTask$$Lambda$223.invoke(Lorg/junit/platform/engine/support/hierarchical/EngineExecutionContext;)V+5
j  org.junit.platform.engine.support.hierarchical.Node.around(Lorg/junit/platform/engine/support/hierarchical/EngineExecutionContext;Lorg/junit/platform/engine/support/hierarchical/Node$Invocation;)V+2
j  org.junit.platform.engine.support.hierarchical.NodeTestTask.lambda$executeRecursively$8()V+14
j  org.junit.platform.engine.support.hierarchical.NodeTestTask$$Lambda$222.execute()V+4
j  org.junit.platform.engine.support.hierarchical.ThrowableCollector.execute(Lorg/junit/platform/engine/support/hierarchical/ThrowableCollector$Executable;)V+1
j  org.junit.platform.engine.support.hierarchical.NodeTestTask.executeRecursively()V+31
j  org.junit.platform.engine.support.hierarchical.NodeTestTask.execute()V+55
j  org.junit.platform.engine.support.hierarchical.SameThreadHierarchicalTestExecutorService$$Lambda$228.accept(Ljava/lang/Object;)V+4
j  java.util.ArrayList.forEach(Ljava/util/function/Consumer;)V+46 java.base@11.0.9
j  org.junit.platform.engine.support.hierarchical.SameThreadHierarchicalTestExecutorService.invokeAll(Ljava/util/List;)V+6
j  org.junit.platform.engine.support.hierarchical.NodeTestTask.lambda$executeRecursively$5()V+116
j  org.junit.platform.engine.support.hierarchical.NodeTestTask$$Lambda$224.execute()V+4
j  org.junit.platform.engine.support.hierarchical.ThrowableCollector.execute(Lorg/junit/platform/engine/support/hierarchical/ThrowableCollector$Executable;)V+1
j  org.junit.platform.engine.support.hierarchical.NodeTestTask.lambda$executeRecursively$7(Lorg/junit/platform/engine/support/hierarchical/EngineExecutionContext;)V+15
j  org.junit.platform.engine.support.hierarchical.NodeTestTask$$Lambda$223.invoke(Lorg/junit/platform/engine/support/hierarchical/EngineExecutionContext;)V+5
j  org.junit.platform.engine.support.hierarchical.Node.around(Lorg/junit/platform/engine/support/hierarchical/EngineExecutionContext;Lorg/junit/platform/engine/support/hierarchical/Node$Invocation;)V+2
j  org.junit.platform.engine.support.hierarchical.NodeTestTask.lambda$executeRecursively$8()V+14
j  org.junit.platform.engine.support.hierarchical.NodeTestTask$$Lambda$222.execute()V+4
j  org.junit.platform.engine.support.hierarchical.ThrowableCollector.execute(Lorg/junit/platform/engine/support/hierarchical/ThrowableCollector$Executable;)V+1
j  org.junit.platform.engine.support.hierarchical.NodeTestTask.executeRecursively()V+31
j  org.junit.platform.engine.support.hierarchical.NodeTestTask.execute()V+55
j  org.junit.platform.engine.support.hierarchical.SameThreadHierarchicalTestExecutorService.submit(Lorg/junit/platform/engine/support/hierarchical/HierarchicalTestExecutorService$TestTask;)Ljava/util/concurrent/Future;+1
j  org.junit.platform.engine.support.hierarchical.HierarchicalTestExecutor.execute()Ljava/util/concurrent/Future;+74
j  org.junit.platform.engine.support.hierarchical.HierarchicalTestEngine.execute(Lorg/junit/platform/engine/ExecutionRequest;)V+31
j  org.junit.platform.launcher.core.EngineExecutionOrchestrator.execute(Lorg/junit/platform/engine/TestDescriptor;Lorg/junit/platform/engine/EngineExecutionListener;Lorg/junit/platform/engine/ConfigurationParameters;Lorg/junit/platform/engine/TestEngine;)V+24
j  org.junit.platform.launcher.core.EngineExecutionOrchestrator.execute(Lorg/junit/platform/launcher/core/LauncherDiscoveryResult;Lorg/junit/platform/engine/EngineExecutionListener;)V+86
j  org.junit.platform.launcher.core.EngineExecutionOrchestrator.lambda$execute$0(Lorg/junit/platform/launcher/core/InternalTestPlan;Lorg/junit/platform/launcher/core/LauncherDiscoveryResult;Lorg/junit/platform/launcher/TestExecutionListener;)V+18
j  org.junit.platform.launcher.core.EngineExecutionOrchestrator$$Lambda$186.accept(Ljava/lang/Object;)V+16
j  org.junit.platform.launcher.core.EngineExecutionOrchestrator.withInterceptedStreams(Lorg/junit/platform/engine/ConfigurationParameters;Lorg/junit/platform/launcher/core/TestExecutionListenerRegistry;Ljava/util/function/Consumer;)V+43
j  org.junit.platform.launcher.core.EngineExecutionOrchestrator.execute(Lorg/junit/platform/launcher/core/InternalTestPlan;[Lorg/junit/platform/launcher/TestExecutionListener;)V+35
j  org.junit.platform.launcher.core.DefaultLauncher.execute(Lorg/junit/platform/launcher/core/InternalTestPlan;[Lorg/junit/platform/launcher/TestExecutionListener;)V+6
j  org.junit.platform.launcher.core.DefaultLauncher.execute(Lorg/junit/platform/launcher/TestPlan;[Lorg/junit/platform/launcher/TestExecutionListener;)V+36
j  org.eclipse.jdt.internal.junit5.runner.JUnit5TestReference.run(Lorg/eclipse/jdt/internal/junit/runner/TestExecution;)V+69
j  org.eclipse.jdt.internal.junit.runner.TestExecution.run([Lorg/eclipse/jdt/internal/junit/runner/ITestReference;)V+17
j  org.eclipse.jdt.internal.junit.runner.RemoteTestRunner.runTests([Ljava/lang/String;Ljava/lang/String;Lorg/eclipse/jdt/internal/junit/runner/TestExecution;)V+62
j  org.eclipse.jdt.internal.junit.runner.RemoteTestRunner.runTests(Lorg/eclipse/jdt/internal/junit/runner/TestExecution;)V+10
j  org.eclipse.jdt.internal.junit.runner.RemoteTestRunner.run()V+70
j  org.eclipse.jdt.internal.junit.runner.RemoteTestRunner.main([Ljava/lang/String;)V+14
v  ~StubRoutines::call_stub

---------------  P R O C E S S  ---------------

Threads class SMR info:
_java_thread_list=0x00007f9230c3d520, length=16, elements={
0x00007f9231010000, 0x00007f9233009800, 0x00007f9233010800, 0x00007f923500a800,
0x00007f923500d800, 0x00007f923500e000, 0x00007f923500f000, 0x00007f923201a000,
0x00007f9233083000, 0x00007f923504e800, 0x00007f9235848800, 0x00007f9232037800,
0x00007f92311ba800, 0x00007f923785c800, 0x00007f9232362800, 0x00007f9232708000
}

Java Threads: ( => current thread )
  0x00007f9231010000 JavaThread "main" [_thread_blocked, id=5891, stack(0x0000700007bc4000,0x0000700007cc4000)]
  0x00007f9233009800 JavaThread "Reference Handler" daemon [_thread_blocked, id=18179, stack(0x00007000082d9000,0x00007000083d9000)]
  0x00007f9233010800 JavaThread "Finalizer" daemon [_thread_blocked, id=17667, stack(0x00007000083dc000,0x00007000084dc000)]
  0x00007f923500a800 JavaThread "Signal Dispatcher" daemon [_thread_blocked, id=16131, stack(0x00007000085e5000,0x00007000086e5000)]
  0x00007f923500d800 JavaThread "C2 CompilerThread0" daemon [_thread_blocked, id=43267, stack(0x00007000086e8000,0x00007000087e8000)]
  0x00007f923500e000 JavaThread "C1 CompilerThread0" daemon [_thread_blocked, id=42499, stack(0x00007000087eb000,0x00007000088eb000)]
  0x00007f923500f000 JavaThread "Sweeper thread" daemon [_thread_blocked, id=41731, stack(0x00007000088ee000,0x00007000089ee000)]
  0x00007f923201a000 JavaThread "Common-Cleaner" daemon [_thread_blocked, id=40963, stack(0x00007000089f1000,0x0000700008af1000)]
  0x00007f9233083000 JavaThread "JDWP Transport Listener: dt_socket" daemon [_thread_blocked, id=40451, stack(0x0000700008af4000,0x0000700008bf4000)]
  0x00007f923504e800 JavaThread "JDWP Event Helper Thread" daemon [_thread_blocked, id=22275, stack(0x0000700008bf7000,0x0000700008cf7000)]
  0x00007f9235848800 JavaThread "JDWP Command Reader" daemon [_thread_in_native, id=39683, stack(0x0000700008cfa000,0x0000700008dfa000)]
  0x00007f9232037800 JavaThread "Service Thread" daemon [_thread_blocked, id=23043, stack(0x0000700008dfd000,0x0000700008efd000)]
  0x00007f92311ba800 JavaThread "ReaderThread" [_thread_in_native, id=38403, stack(0x0000700009003000,0x0000700009103000)]
  0x00007f923785c800 JavaThread "Attach Listener" daemon [_thread_blocked, id=26123, stack(0x000070000981b000,0x000070000991b000)]
  0x00007f9232362800 JavaThread "mysql-cj-abandoned-connection-cleanup" daemon [_thread_blocked, id=26627, stack(0x000070000991e000,0x0000700009a1e000)]
  0x00007f9232708000 JavaThread "HikariPool-1 housekeeper" daemon [_thread_blocked, id=35331, stack(0x0000700009a21000,0x0000700009b21000)]

Other Threads:
  0x00007f9233009000 VMThread "VM Thread" [stack: 0x00007000081d6000,0x00007000082d6000] [id=13315]
  0x00007f9232038000 WatcherThread [stack: 0x0000700008f00000,0x0000700009000000] [id=38915]
=>0x00007f923101e800 GCTaskThread "GC Thread#0" [stack: 0x0000700007cc7000,0x0000700007dc7000] [id=20995]
  0x00007f9233189000 GCTaskThread "GC Thread#1" [stack: 0x0000700009106000,0x0000700009206000] [id=24067]
  0x00007f9233013000 GCTaskThread "GC Thread#2" [stack: 0x0000700009209000,0x0000700009309000] [id=37891]
  0x00007f92332b7000 GCTaskThread "GC Thread#3" [stack: 0x000070000930c000,0x000070000940c000] [id=37635]
  0x00007f9231c86000 GCTaskThread "GC Thread#4" [stack: 0x0000700009615000,0x0000700009715000] [id=36867]
  0x00007f9231eb1800 GCTaskThread "GC Thread#5" [stack: 0x0000700009718000,0x0000700009818000] [id=25859]
  0x00007f923103f800 ConcurrentGCThread "G1 Main Marker" [stack: 0x0000700007dca000,0x0000700007eca000] [id=20483]
  0x00007f9231040000 ConcurrentGCThread "G1 Conc#0" [stack: 0x0000700007ecd000,0x0000700007fcd000] [id=19971]
  0x00007f9231ae6800 ConcurrentGCThread "G1 Conc#1" [stack: 0x000070000940f000,0x000070000950f000] [id=24835]
  0x00007f92310a1000 ConcurrentGCThread "G1 Refine#0" [stack: 0x0000700007fd0000,0x00007000080d0000] [id=12547]
  0x00007f92310a1800 ConcurrentGCThread "G1 Young RemSet Sampling" [stack: 0x00007000080d3000,0x00007000081d3000] [id=19459]

Threads with active compile tasks:

VM state:at safepoint (normal execution)

VM Mutex/Monitor currently owned by a thread:  ([mutex/lock_event])
[0x00007f9230f097c0] Threads_lock - owner thread: 0x00007f9233009000
[0x00007f9230f09ec0] Heap_lock - owner thread: 0x00007f9232362800

Heap address: 0x0000000780000000, size: 2048 MB, Compressed Oops mode: Zero based, Oop shift amount: 3
Narrow klass base: 0x0000000800000000, Narrow klass shift: 0
Compressed class space size: 1073741824 Address: 0x0000000800000000

Heap:
 garbage-first heap   total 189440K, used 122841K [0x0000000780000000, 0x0000000800000000)
  region size 1024K, 94 young (96256K), 7 survivors (7168K)
 Metaspace       used 61560K, capacity 63349K, committed 63440K, reserved 1103872K
  class space    used 7820K, capacity 8553K, committed 8576K, reserved 1048576K
Heap Regions: E=young(eden), S=young(survivor), O=old, HS=humongous(starts), HC=humongous(continues), CS=collection set, F=free, A=archive, TAMS=top-at-mark-start (previous, next)
|   0|0x0000000780000000, 0x0000000780100000, 0x0000000780100000|100%| O|  |TAMS 0x0000000780100000, 0x0000000780000000| Untracked 
|   1|0x0000000780100000, 0x0000000780200000, 0x0000000780200000|100%| O|  |TAMS 0x0000000780200000, 0x0000000780100000| Untracked 
|   2|0x0000000780200000, 0x0000000780300000, 0x0000000780300000|100%| O|  |TAMS 0x0000000780300000, 0x0000000780200000| Untracked 
|   3|0x0000000780300000, 0x0000000780400000, 0x0000000780400000|100%| O|  |TAMS 0x0000000780400000, 0x0000000780300000| Untracked 
|   4|0x0000000780400000, 0x0000000780500000, 0x0000000780500000|100%| O|  |TAMS 0x0000000780500000, 0x0000000780400000| Untracked 
|   5|0x0000000780500000, 0x0000000780600000, 0x0000000780600000|100%| O|  |TAMS 0x0000000780600000, 0x0000000780500000| Untracked 
|   6|0x0000000780600000, 0x0000000780700000, 0x0000000780700000|100%| O|  |TAMS 0x0000000780700000, 0x0000000780600000| Untracked 
|   7|0x0000000780700000, 0x0000000780800000, 0x0000000780800000|100%| O|  |TAMS 0x0000000780800000, 0x0000000780700000| Untracked 
|   8|0x0000000780800000, 0x0000000780900000, 0x0000000780900000|100%| O|  |TAMS 0x0000000780900000, 0x0000000780800000| Untracked 
|   9|0x0000000780900000, 0x0000000780a00000, 0x0000000780a00000|100%| O|  |TAMS 0x0000000780a00000, 0x0000000780900000| Untracked 
|  10|0x0000000780a00000, 0x0000000780b00000, 0x0000000780b00000|100%| O|  |TAMS 0x0000000780b00000, 0x0000000780a00000| Untracked 
|  11|0x0000000780b00000, 0x0000000780c00000, 0x0000000780c00000|100%| O|  |TAMS 0x0000000780c00000, 0x0000000780b00000| Untracked 
|  12|0x0000000780c00000, 0x0000000780d00000, 0x0000000780d00000|100%| O|  |TAMS 0x0000000780d00000, 0x0000000780c00000| Untracked 
|  13|0x0000000780d00000, 0x0000000780e00000, 0x0000000780e00000|100%| O|  |TAMS 0x0000000780e00000, 0x0000000780d00000| Untracked 
|  14|0x0000000780e00000, 0x0000000780f00000, 0x0000000780f00000|100%| O|  |TAMS 0x0000000780f00000, 0x0000000780e00000| Untracked 
|  15|0x0000000780f00000, 0x0000000781000000, 0x0000000781000000|100%| O|  |TAMS 0x0000000781000000, 0x0000000780f00000| Untracked 
|  16|0x0000000781000000, 0x0000000781100000, 0x0000000781100000|100%| O|  |TAMS 0x0000000781100000, 0x0000000781000000| Untracked 
|  17|0x0000000781100000, 0x0000000781200000, 0x0000000781200000|100%| O|  |TAMS 0x0000000781200000, 0x0000000781100000| Untracked 
|  18|0x0000000781200000, 0x0000000781300000, 0x0000000781300000|100%| O|  |TAMS 0x0000000781300000, 0x0000000781200000| Untracked 
|  19|0x0000000781300000, 0x0000000781400000, 0x0000000781400000|100%| O|  |TAMS 0x0000000781400000, 0x0000000781300000| Untracked 
|  20|0x0000000781400000, 0x0000000781500000, 0x0000000781500000|100%| O|  |TAMS 0x0000000781500000, 0x0000000781400000| Untracked 
|  21|0x0000000781500000, 0x0000000781600000, 0x0000000781600000|100%| O|  |TAMS 0x0000000781600000, 0x0000000781500000| Untracked 
|  22|0x0000000781600000, 0x0000000781700000, 0x0000000781700000|100%| O|  |TAMS 0x0000000781697200, 0x0000000781600000| Untracked 
|  23|0x0000000781700000, 0x0000000781800000, 0x0000000781800000|100%| O|  |TAMS 0x0000000781700000, 0x0000000781700000| Untracked 
|  24|0x0000000781800000, 0x0000000781900000, 0x0000000781900000|100%| O|  |TAMS 0x0000000781800000, 0x0000000781800000| Untracked 
|  25|0x0000000781900000, 0x0000000781a00000, 0x0000000781a00000|100%| O|  |TAMS 0x0000000781900000, 0x0000000781900000| Untracked 
|  26|0x0000000781a00000, 0x0000000781b00000, 0x0000000781b00000|100%| O|  |TAMS 0x0000000781a00000, 0x0000000781a00000| Untracked 
|  27|0x0000000781b00000, 0x0000000781b9f800, 0x0000000781c00000| 62%| O|  |TAMS 0x0000000781b00000, 0x0000000781b00000| Untracked 
|  28|0x0000000781c00000, 0x0000000781c00000, 0x0000000781d00000|  0%| F|  |TAMS 0x0000000781c00000, 0x0000000781c00000| Untracked 
|  29|0x0000000781d00000, 0x0000000781d00000, 0x0000000781e00000|  0%| F|  |TAMS 0x0000000781d00000, 0x0000000781d00000| Untracked 
|  30|0x0000000781e00000, 0x0000000781e00000, 0x0000000781f00000|  0%| F|  |TAMS 0x0000000781e00000, 0x0000000781e00000| Untracked 
|  31|0x0000000781f00000, 0x0000000781f00000, 0x0000000782000000|  0%| F|  |TAMS 0x0000000781f00000, 0x0000000781f00000| Untracked 
|  32|0x0000000782000000, 0x0000000782000000, 0x0000000782100000|  0%| F|  |TAMS 0x0000000782000000, 0x0000000782000000| Untracked 
|  33|0x0000000782100000, 0x0000000782100000, 0x0000000782200000|  0%| F|  |TAMS 0x0000000782100000, 0x0000000782100000| Untracked 
|  34|0x0000000782200000, 0x0000000782200000, 0x0000000782300000|  0%| F|  |TAMS 0x0000000782200000, 0x0000000782200000| Untracked 
|  35|0x0000000782300000, 0x0000000782300000, 0x0000000782400000|  0%| F|  |TAMS 0x0000000782300000, 0x0000000782300000| Untracked 
|  36|0x0000000782400000, 0x0000000782400000, 0x0000000782500000|  0%| F|  |TAMS 0x0000000782400000, 0x0000000782400000| Untracked 
|  37|0x0000000782500000, 0x0000000782500000, 0x0000000782600000|  0%| F|  |TAMS 0x0000000782500000, 0x0000000782500000| Untracked 
|  38|0x0000000782600000, 0x0000000782600000, 0x0000000782700000|  0%| F|  |TAMS 0x0000000782600000, 0x0000000782600000| Untracked 
|  39|0x0000000782700000, 0x0000000782700000, 0x0000000782800000|  0%| F|  |TAMS 0x0000000782700000, 0x0000000782700000| Untracked 
|  40|0x0000000782800000, 0x0000000782800000, 0x0000000782900000|  0%| F|  |TAMS 0x0000000782800000, 0x0000000782800000| Untracked 
|  41|0x0000000782900000, 0x0000000782900000, 0x0000000782a00000|  0%| F|  |TAMS 0x0000000782900000, 0x0000000782900000| Untracked 
|  42|0x0000000782a00000, 0x0000000782a00000, 0x0000000782b00000|  0%| F|  |TAMS 0x0000000782a00000, 0x0000000782a00000| Untracked 
|  43|0x0000000782b00000, 0x0000000782b00000, 0x0000000782c00000|  0%| F|  |TAMS 0x0000000782b00000, 0x0000000782b00000| Untracked 
|  44|0x0000000782c00000, 0x0000000782c00000, 0x0000000782d00000|  0%| F|  |TAMS 0x0000000782c00000, 0x0000000782c00000| Untracked 
|  45|0x0000000782d00000, 0x0000000782d00000, 0x0000000782e00000|  0%| F|  |TAMS 0x0000000782d00000, 0x0000000782d00000| Untracked 
|  46|0x0000000782e00000, 0x0000000782e00000, 0x0000000782f00000|  0%| F|  |TAMS 0x0000000782e00000, 0x0000000782e00000| Untracked 
|  47|0x0000000782f00000, 0x0000000782f00000, 0x0000000783000000|  0%| F|  |TAMS 0x0000000782f00000, 0x0000000782f00000| Untracked 
|  48|0x0000000783000000, 0x0000000783000000, 0x0000000783100000|  0%| F|  |TAMS 0x0000000783000000, 0x0000000783000000| Untracked 
|  49|0x0000000783100000, 0x0000000783100000, 0x0000000783200000|  0%| F|  |TAMS 0x0000000783100000, 0x0000000783100000| Untracked 
|  50|0x0000000783200000, 0x0000000783200000, 0x0000000783300000|  0%| F|  |TAMS 0x0000000783200000, 0x0000000783200000| Untracked 
|  51|0x0000000783300000, 0x0000000783300000, 0x0000000783400000|  0%| F|  |TAMS 0x0000000783300000, 0x0000000783300000| Untracked 
|  52|0x0000000783400000, 0x0000000783400000, 0x0000000783500000|  0%| F|  |TAMS 0x0000000783400000, 0x0000000783400000| Untracked 
|  53|0x0000000783500000, 0x0000000783500000, 0x0000000783600000|  0%| F|  |TAMS 0x0000000783500000, 0x0000000783500000| Untracked 
|  54|0x0000000783600000, 0x0000000783600000, 0x0000000783700000|  0%| F|  |TAMS 0x0000000783600000, 0x0000000783600000| Untracked 
|  55|0x0000000783700000, 0x0000000783700000, 0x0000000783800000|  0%| F|  |TAMS 0x0000000783700000, 0x0000000783700000| Untracked 
|  56|0x0000000783800000, 0x0000000783800000, 0x0000000783900000|  0%| F|  |TAMS 0x0000000783800000, 0x0000000783800000| Untracked 
|  57|0x0000000783900000, 0x0000000783900000, 0x0000000783a00000|  0%| F|  |TAMS 0x0000000783900000, 0x0000000783900000| Untracked 
|  58|0x0000000783a00000, 0x0000000783a00000, 0x0000000783b00000|  0%| F|  |TAMS 0x0000000783a00000, 0x0000000783a00000| Untracked 
|  59|0x0000000783b00000, 0x0000000783b00000, 0x0000000783c00000|  0%| F|  |TAMS 0x0000000783b00000, 0x0000000783b00000| Untracked 
|  60|0x0000000783c00000, 0x0000000783c00000, 0x0000000783d00000|  0%| F|  |TAMS 0x0000000783c00000, 0x0000000783c00000| Untracked 
|  61|0x0000000783d00000, 0x0000000783d00000, 0x0000000783e00000|  0%| F|  |TAMS 0x0000000783d00000, 0x0000000783d00000| Untracked 
|  62|0x0000000783e00000, 0x0000000783e00000, 0x0000000783f00000|  0%| F|  |TAMS 0x0000000783e00000, 0x0000000783e00000| Untracked 
|  63|0x0000000783f00000, 0x0000000783f00000, 0x0000000784000000|  0%| F|  |TAMS 0x0000000783f00000, 0x0000000783f00000| Untracked 
|  64|0x0000000784000000, 0x0000000784000000, 0x0000000784100000|  0%| F|  |TAMS 0x0000000784000000, 0x0000000784000000| Untracked 
|  65|0x0000000784100000, 0x0000000784100000, 0x0000000784200000|  0%| F|  |TAMS 0x0000000784100000, 0x0000000784100000| Untracked 
|  66|0x0000000784200000, 0x0000000784200000, 0x0000000784300000|  0%| F|  |TAMS 0x0000000784200000, 0x0000000784200000| Untracked 
|  67|0x0000000784300000, 0x0000000784300000, 0x0000000784400000|  0%| F|  |TAMS 0x0000000784300000, 0x0000000784300000| Untracked 
|  68|0x0000000784400000, 0x0000000784400000, 0x0000000784500000|  0%| F|  |TAMS 0x0000000784400000, 0x0000000784400000| Untracked 
|  69|0x0000000784500000, 0x0000000784500000, 0x0000000784600000|  0%| F|  |TAMS 0x0000000784500000, 0x0000000784500000| Untracked 
|  70|0x0000000784600000, 0x0000000784600000, 0x0000000784700000|  0%| F|  |TAMS 0x0000000784600000, 0x0000000784600000| Untracked 
|  71|0x0000000784700000, 0x0000000784700000, 0x0000000784800000|  0%| F|  |TAMS 0x0000000784700000, 0x0000000784700000| Untracked 
|  72|0x0000000784800000, 0x0000000784800000, 0x0000000784900000|  0%| F|  |TAMS 0x0000000784800000, 0x0000000784800000| Untracked 
|  73|0x0000000784900000, 0x0000000784900000, 0x0000000784a00000|  0%| F|  |TAMS 0x0000000784900000, 0x0000000784900000| Untracked 
|  74|0x0000000784a00000, 0x0000000784a00000, 0x0000000784b00000|  0%| F|  |TAMS 0x0000000784a00000, 0x0000000784a00000| Untracked 
|  75|0x0000000784b00000, 0x0000000784b00000, 0x0000000784c00000|  0%| F|  |TAMS 0x0000000784b00000, 0x0000000784b00000| Untracked 
|  76|0x0000000784c00000, 0x0000000784c00000, 0x0000000784d00000|  0%| F|  |TAMS 0x0000000784c00000, 0x0000000784c00000| Untracked 
|  77|0x0000000784d00000, 0x0000000784d00000, 0x0000000784e00000|  0%| F|  |TAMS 0x0000000784d00000, 0x0000000784d00000| Untracked 
|  78|0x0000000784e00000, 0x0000000784e00000, 0x0000000784f00000|  0%| F|  |TAMS 0x0000000784e00000, 0x0000000784e00000| Untracked 
|  79|0x0000000784f00000, 0x0000000784f00000, 0x0000000785000000|  0%| F|  |TAMS 0x0000000784f00000, 0x0000000784f00000| Untracked 
|  80|0x0000000785000000, 0x0000000785000000, 0x0000000785100000|  0%| F|  |TAMS 0x0000000785000000, 0x0000000785000000| Untracked 
|  81|0x0000000785100000, 0x0000000785100000, 0x0000000785200000|  0%| F|  |TAMS 0x0000000785100000, 0x0000000785100000| Untracked 
|  82|0x0000000785200000, 0x0000000785200000, 0x0000000785300000|  0%| F|  |TAMS 0x0000000785200000, 0x0000000785200000| Untracked 
|  83|0x0000000785300000, 0x0000000785300000, 0x0000000785400000|  0%| F|  |TAMS 0x0000000785300000, 0x0000000785300000| Untracked 
|  84|0x0000000785400000, 0x0000000785460030, 0x0000000785500000| 37%| S|  |TAMS 0x0000000785400000, 0x0000000785400000| Complete 
|  85|0x0000000785500000, 0x0000000785600000, 0x0000000785600000|100%| S|  |TAMS 0x0000000785500000, 0x0000000785500000| Complete 
|  86|0x0000000785600000, 0x0000000785700000, 0x0000000785700000|100%| S|  |TAMS 0x0000000785600000, 0x0000000785600000| Complete 
|  87|0x0000000785700000, 0x0000000785756df8, 0x0000000785800000| 33%| E|CS|TAMS 0x0000000785700000, 0x0000000785700000| Complete 
|  88|0x0000000785800000, 0x0000000785900000, 0x0000000785900000|100%| E|CS|TAMS 0x0000000785800000, 0x0000000785800000| Complete 
|  89|0x0000000785900000, 0x0000000785a00000, 0x0000000785a00000|100%| E|CS|TAMS 0x0000000785900000, 0x0000000785900000| Complete 
|  90|0x0000000785a00000, 0x0000000785b00000, 0x0000000785b00000|100%| E|CS|TAMS 0x0000000785a00000, 0x0000000785a00000| Complete 
|  91|0x0000000785b00000, 0x0000000785c00000, 0x0000000785c00000|100%| E|CS|TAMS 0x0000000785b00000, 0x0000000785b00000| Complete 
|  92|0x0000000785c00000, 0x0000000785d00000, 0x0000000785d00000|100%| E|CS|TAMS 0x0000000785c00000, 0x0000000785c00000| Complete 
|  93|0x0000000785d00000, 0x0000000785e00000, 0x0000000785e00000|100%| S|  |TAMS 0x0000000785d00000, 0x0000000785d00000| Complete 
|  94|0x0000000785e00000, 0x0000000785f00000, 0x0000000785f00000|100%| S|  |TAMS 0x0000000785e00000, 0x0000000785e00000| Complete 
|  95|0x0000000785f00000, 0x0000000786000000, 0x0000000786000000|100%| S|  |TAMS 0x0000000785f00000, 0x0000000785f00000| Complete 
|  96|0x0000000786000000, 0x0000000786100000, 0x0000000786100000|100%| S|  |TAMS 0x0000000786000000, 0x0000000786000000| Complete 
|  97|0x0000000786100000, 0x0000000786200000, 0x0000000786200000|100%| S|  |TAMS 0x0000000786100000, 0x0000000786100000| Complete 
|  98|0x0000000786200000, 0x0000000786300000, 0x0000000786300000|100%| E|CS|TAMS 0x0000000786200000, 0x0000000786200000| Complete 
|  99|0x0000000786300000, 0x0000000786400000, 0x0000000786400000|100%| E|CS|TAMS 0x0000000786300000, 0x0000000786300000| Complete 
| 100|0x0000000786400000, 0x0000000786500000, 0x0000000786500000|100%| E|CS|TAMS 0x0000000786400000, 0x0000000786400000| Complete 
| 101|0x0000000786500000, 0x0000000786600000, 0x0000000786600000|100%| E|CS|TAMS 0x0000000786500000, 0x0000000786500000| Complete 
| 102|0x0000000786600000, 0x0000000786700000, 0x0000000786700000|100%| E|CS|TAMS 0x0000000786600000, 0x0000000786600000| Complete 
| 103|0x0000000786700000, 0x0000000786800000, 0x0000000786800000|100%| E|CS|TAMS 0x0000000786700000, 0x0000000786700000| Complete 
| 104|0x0000000786800000, 0x0000000786900000, 0x0000000786900000|100%| E|CS|TAMS 0x0000000786800000, 0x0000000786800000| Complete 
| 105|0x0000000786900000, 0x0000000786a00000, 0x0000000786a00000|100%| E|CS|TAMS 0x0000000786900000, 0x0000000786900000| Complete 
| 106|0x0000000786a00000, 0x0000000786b00000, 0x0000000786b00000|100%| E|CS|TAMS 0x0000000786a00000, 0x0000000786a00000| Complete 
| 107|0x0000000786b00000, 0x0000000786c00000, 0x0000000786c00000|100%| E|CS|TAMS 0x0000000786b00000, 0x0000000786b00000| Complete 
| 108|0x0000000786c00000, 0x0000000786d00000, 0x0000000786d00000|100%| E|CS|TAMS 0x0000000786c00000, 0x0000000786c00000| Complete 
| 109|0x0000000786d00000, 0x0000000786e00000, 0x0000000786e00000|100%| E|CS|TAMS 0x0000000786d00000, 0x0000000786d00000| Complete 
| 110|0x0000000786e00000, 0x0000000786f00000, 0x0000000786f00000|100%| E|CS|TAMS 0x0000000786e00000, 0x0000000786e00000| Complete 
| 111|0x0000000786f00000, 0x0000000787000000, 0x0000000787000000|100%| E|CS|TAMS 0x0000000786f00000, 0x0000000786f00000| Complete 
| 112|0x0000000787000000, 0x0000000787100000, 0x0000000787100000|100%| E|CS|TAMS 0x0000000787000000, 0x0000000787000000| Complete 
| 113|0x0000000787100000, 0x0000000787200000, 0x0000000787200000|100%| E|CS|TAMS 0x0000000787100000, 0x0000000787100000| Complete 
| 114|0x0000000787200000, 0x0000000787300000, 0x0000000787300000|100%| E|CS|TAMS 0x0000000787200000, 0x0000000787200000| Complete 
| 115|0x0000000787300000, 0x0000000787400000, 0x0000000787400000|100%| E|CS|TAMS 0x0000000787300000, 0x0000000787300000| Complete 
| 116|0x0000000787400000, 0x0000000787500000, 0x0000000787500000|100%| E|CS|TAMS 0x0000000787400000, 0x0000000787400000| Complete 
| 117|0x0000000787500000, 0x0000000787600000, 0x0000000787600000|100%| E|CS|TAMS 0x0000000787500000, 0x0000000787500000| Complete 
| 118|0x0000000787600000, 0x0000000787700000, 0x0000000787700000|100%| E|CS|TAMS 0x0000000787600000, 0x0000000787600000| Complete 
| 119|0x0000000787700000, 0x0000000787800000, 0x0000000787800000|100%| E|CS|TAMS 0x0000000787700000, 0x0000000787700000| Complete 
| 120|0x0000000787800000, 0x0000000787900000, 0x0000000787900000|100%| E|CS|TAMS 0x0000000787800000, 0x0000000787800000| Complete 
| 121|0x0000000787900000, 0x0000000787a00000, 0x0000000787a00000|100%| E|CS|TAMS 0x0000000787900000, 0x0000000787900000| Complete 
| 122|0x0000000787a00000, 0x0000000787b00000, 0x0000000787b00000|100%| E|CS|TAMS 0x0000000787a00000, 0x0000000787a00000| Complete 
| 123|0x0000000787b00000, 0x0000000787c00000, 0x0000000787c00000|100%| E|CS|TAMS 0x0000000787b00000, 0x0000000787b00000| Complete 
| 124|0x0000000787c00000, 0x0000000787d00000, 0x0000000787d00000|100%| E|CS|TAMS 0x0000000787c00000, 0x0000000787c00000| Complete 
| 125|0x0000000787d00000, 0x0000000787e00000, 0x0000000787e00000|100%| E|CS|TAMS 0x0000000787d00000, 0x0000000787d00000| Complete 
| 126|0x0000000787e00000, 0x0000000787f00000, 0x0000000787f00000|100%| E|CS|TAMS 0x0000000787e00000, 0x0000000787e00000| Complete 
| 127|0x0000000787f00000, 0x0000000788000000, 0x0000000788000000|100%| E|CS|TAMS 0x0000000787f00000, 0x0000000787f00000| Complete 
| 128|0x0000000788000000, 0x0000000788100000, 0x0000000788100000|100%| E|CS|TAMS 0x0000000788000000, 0x0000000788000000| Complete 
| 129|0x0000000788100000, 0x0000000788200000, 0x0000000788200000|100%| E|CS|TAMS 0x0000000788100000, 0x0000000788100000| Complete 
| 130|0x0000000788200000, 0x0000000788300000, 0x0000000788300000|100%| E|CS|TAMS 0x0000000788200000, 0x0000000788200000| Complete 
| 131|0x0000000788300000, 0x0000000788400000, 0x0000000788400000|100%| E|CS|TAMS 0x0000000788300000, 0x0000000788300000| Complete 
| 132|0x0000000788400000, 0x0000000788500000, 0x0000000788500000|100%| E|CS|TAMS 0x0000000788400000, 0x0000000788400000| Complete 
| 133|0x0000000788500000, 0x0000000788600000, 0x0000000788600000|100%| E|CS|TAMS 0x0000000788500000, 0x0000000788500000| Complete 
| 134|0x0000000788600000, 0x0000000788700000, 0x0000000788700000|100%| E|CS|TAMS 0x0000000788600000, 0x0000000788600000| Complete 
| 135|0x0000000788700000, 0x0000000788800000, 0x0000000788800000|100%| E|CS|TAMS 0x0000000788700000, 0x0000000788700000| Complete 
| 136|0x0000000788800000, 0x0000000788900000, 0x0000000788900000|100%| E|CS|TAMS 0x0000000788800000, 0x0000000788800000| Complete 
| 137|0x0000000788900000, 0x0000000788a00000, 0x0000000788a00000|100%| E|CS|TAMS 0x0000000788900000, 0x0000000788900000| Complete 
| 138|0x0000000788a00000, 0x0000000788b00000, 0x0000000788b00000|100%| E|CS|TAMS 0x0000000788a00000, 0x0000000788a00000| Complete 
| 139|0x0000000788b00000, 0x0000000788c00000, 0x0000000788c00000|100%| E|CS|TAMS 0x0000000788b00000, 0x0000000788b00000| Complete 
| 140|0x0000000788c00000, 0x0000000788d00000, 0x0000000788d00000|100%| E|CS|TAMS 0x0000000788c00000, 0x0000000788c00000| Complete 
| 141|0x0000000788d00000, 0x0000000788e00000, 0x0000000788e00000|100%| E|CS|TAMS 0x0000000788d00000, 0x0000000788d00000| Complete 
| 142|0x0000000788e00000, 0x0000000788f00000, 0x0000000788f00000|100%| E|CS|TAMS 0x0000000788e00000, 0x0000000788e00000| Complete 
| 143|0x0000000788f00000, 0x0000000789000000, 0x0000000789000000|100%| E|CS|TAMS 0x0000000788f00000, 0x0000000788f00000| Complete 
| 144|0x0000000789000000, 0x0000000789100000, 0x0000000789100000|100%| E|CS|TAMS 0x0000000789000000, 0x0000000789000000| Complete 
| 145|0x0000000789100000, 0x0000000789200000, 0x0000000789200000|100%| E|CS|TAMS 0x0000000789100000, 0x0000000789100000| Complete 
| 146|0x0000000789200000, 0x0000000789300000, 0x0000000789300000|100%| E|CS|TAMS 0x0000000789200000, 0x0000000789200000| Complete 
| 147|0x0000000789300000, 0x0000000789400000, 0x0000000789400000|100%| E|CS|TAMS 0x0000000789300000, 0x0000000789300000| Complete 
| 148|0x0000000789400000, 0x0000000789500000, 0x0000000789500000|100%| E|CS|TAMS 0x0000000789400000, 0x0000000789400000| Complete 
| 149|0x0000000789500000, 0x0000000789600000, 0x0000000789600000|100%| E|CS|TAMS 0x0000000789500000, 0x0000000789500000| Complete 
| 150|0x0000000789600000, 0x0000000789700000, 0x0000000789700000|100%| E|CS|TAMS 0x0000000789600000, 0x0000000789600000| Complete 
| 151|0x0000000789700000, 0x0000000789800000, 0x0000000789800000|100%| E|CS|TAMS 0x0000000789700000, 0x0000000789700000| Complete 
| 152|0x0000000789800000, 0x0000000789900000, 0x0000000789900000|100%| E|CS|TAMS 0x0000000789800000, 0x0000000789800000| Complete 
| 153|0x0000000789900000, 0x0000000789a00000, 0x0000000789a00000|100%| E|CS|TAMS 0x0000000789900000, 0x0000000789900000| Complete 
| 154|0x0000000789a00000, 0x0000000789b00000, 0x0000000789b00000|100%| E|CS|TAMS 0x0000000789a00000, 0x0000000789a00000| Complete 
| 155|0x0000000789b00000, 0x0000000789c00000, 0x0000000789c00000|100%| E|CS|TAMS 0x0000000789b00000, 0x0000000789b00000| Complete 
| 156|0x0000000789c00000, 0x0000000789d00000, 0x0000000789d00000|100%| E|CS|TAMS 0x0000000789c00000, 0x0000000789c00000| Complete 
| 157|0x0000000789d00000, 0x0000000789e00000, 0x0000000789e00000|100%| E|CS|TAMS 0x0000000789d00000, 0x0000000789d00000| Complete 
| 158|0x0000000789e00000, 0x0000000789f00000, 0x0000000789f00000|100%| E|CS|TAMS 0x0000000789e00000, 0x0000000789e00000| Complete 
| 159|0x0000000789f00000, 0x000000078a000000, 0x000000078a000000|100%| E|CS|TAMS 0x0000000789f00000, 0x0000000789f00000| Complete 
| 160|0x000000078a000000, 0x000000078a100000, 0x000000078a100000|100%| E|CS|TAMS 0x000000078a000000, 0x000000078a000000| Complete 
| 161|0x000000078a100000, 0x000000078a200000, 0x000000078a200000|100%| E|CS|TAMS 0x000000078a100000, 0x000000078a100000| Complete 
| 162|0x000000078a200000, 0x000000078a300000, 0x000000078a300000|100%| E|CS|TAMS 0x000000078a200000, 0x000000078a200000| Complete 
| 163|0x000000078a300000, 0x000000078a400000, 0x000000078a400000|100%| E|CS|TAMS 0x000000078a300000, 0x000000078a300000| Complete 
| 164|0x000000078a400000, 0x000000078a500000, 0x000000078a500000|100%| E|CS|TAMS 0x000000078a400000, 0x000000078a400000| Complete 
| 165|0x000000078a500000, 0x000000078a600000, 0x000000078a600000|100%| E|CS|TAMS 0x000000078a500000, 0x000000078a500000| Complete 
| 166|0x000000078a600000, 0x000000078a700000, 0x000000078a700000|100%| E|CS|TAMS 0x000000078a600000, 0x000000078a600000| Complete 
| 167|0x000000078a700000, 0x000000078a800000, 0x000000078a800000|100%| E|CS|TAMS 0x000000078a700000, 0x000000078a700000| Complete 
| 168|0x000000078a800000, 0x000000078a900000, 0x000000078a900000|100%| E|CS|TAMS 0x000000078a800000, 0x000000078a800000| Complete 
| 169|0x000000078a900000, 0x000000078aa00000, 0x000000078aa00000|100%| E|CS|TAMS 0x000000078a900000, 0x000000078a900000| Complete 
| 170|0x000000078aa00000, 0x000000078ab00000, 0x000000078ab00000|100%| E|CS|TAMS 0x000000078aa00000, 0x000000078aa00000| Complete 
| 171|0x000000078ab00000, 0x000000078ac00000, 0x000000078ac00000|100%| E|CS|TAMS 0x000000078ab00000, 0x000000078ab00000| Complete 
| 172|0x000000078ac00000, 0x000000078ad00000, 0x000000078ad00000|100%| E|CS|TAMS 0x000000078ac00000, 0x000000078ac00000| Complete 
| 173|0x000000078ad00000, 0x000000078ae00000, 0x000000078ae00000|100%| E|CS|TAMS 0x000000078ad00000, 0x000000078ad00000| Complete 
| 174|0x000000078ae00000, 0x000000078af00000, 0x000000078af00000|100%| E|CS|TAMS 0x000000078ae00000, 0x000000078ae00000| Complete 
| 175|0x000000078af00000, 0x000000078b000000, 0x000000078b000000|100%| E|CS|TAMS 0x000000078af00000, 0x000000078af00000| Complete 
| 176|0x000000078b000000, 0x000000078b100000, 0x000000078b100000|100%| E|CS|TAMS 0x000000078b000000, 0x000000078b000000| Complete 
| 177|0x000000078b100000, 0x000000078b200000, 0x000000078b200000|100%| E|CS|TAMS 0x000000078b100000, 0x000000078b100000| Complete 
| 178|0x000000078b200000, 0x000000078b300000, 0x000000078b300000|100%| E|CS|TAMS 0x000000078b200000, 0x000000078b200000| Complete 
| 179|0x000000078b300000, 0x000000078b400000, 0x000000078b400000|100%| E|CS|TAMS 0x000000078b300000, 0x000000078b300000| Complete 
| 180|0x000000078b400000, 0x000000078b500000, 0x000000078b500000|100%| E|CS|TAMS 0x000000078b400000, 0x000000078b400000| Complete 
| 181|0x000000078b500000, 0x000000078b600000, 0x000000078b600000|100%| E|CS|TAMS 0x000000078b500000, 0x000000078b500000| Complete 
| 182|0x000000078b600000, 0x000000078b700000, 0x000000078b700000|100%| E|CS|TAMS 0x000000078b600000, 0x000000078b600000| Complete 
| 183|0x000000078b700000, 0x000000078b800000, 0x000000078b800000|100%| E|CS|TAMS 0x000000078b700000, 0x000000078b700000| Complete 
| 184|0x000000078b800000, 0x000000078b900000, 0x000000078b900000|100%| E|CS|TAMS 0x000000078b800000, 0x000000078b800000| Complete 

Card table byte_map: [0x0000000111a7e000,0x0000000111e7e000] _byte_map_base: 0x000000010de7e000

Marking Bits (Prev, Next): (CMBitMap*) 0x00007f9231036c50, (CMBitMap*) 0x00007f9231036c18
 Prev Bits: [0x0000000123bac000, 0x0000000125bac000)
 Next Bits: [0x000000011227e000, 0x000000011427e000)

Polling page: 0x0000000106ee1000

Metaspace:

Usage:
  Non-class:     53.51 MB capacity,    52.48 MB ( 98%) used,   833.76 KB (  2%) free+waste,   222.06 KB ( <1%) overhead. 
      Class:      8.35 MB capacity,     7.64 MB ( 91%) used,   629.30 KB (  7%) free+waste,   102.94 KB (  1%) overhead. 
       Both:     61.86 MB capacity,    60.12 MB ( 97%) used,     1.43 MB (  2%) free+waste,   325.00 KB ( <1%) overhead. 

Virtual space:
  Non-class space:       54.00 MB reserved,      53.58 MB (>99%) committed 
      Class space:        1.00 GB reserved,       8.38 MB ( <1%) committed 
             Both:        1.05 GB reserved,      61.95 MB (  6%) committed 

Chunk freelists:
   Non-Class:  36.00 KB
       Class:  23.00 KB
        Both:  59.00 KB

MaxMetaspaceSize: unlimited
CompressedClassSpaceSize: 1.00 GB

CodeHeap 'non-profiled nmethods': size=120032Kb used=2482Kb max_used=2482Kb free=117549Kb
 bounds [0x000000011c674000, 0x000000011c8e4000, 0x0000000123bac000]
CodeHeap 'profiled nmethods': size=120028Kb used=11539Kb max_used=11539Kb free=108488Kb
 bounds [0x000000011513d000, 0x0000000115c8d000, 0x000000011c674000]
CodeHeap 'non-nmethods': size=5700Kb used=1267Kb max_used=1351Kb free=4432Kb
 bounds [0x0000000114bac000, 0x0000000114e1c000, 0x000000011513d000]
 total_blobs=6240 nmethods=5672 adapters=488
 compilation: enabled
              stopped_count=0, restarted_count=0
 full_count=0

Compilation events (20 events):
Event: 7150.687 Thread 0x00007f923500e000 6327       3       com.mysql.cj.protocol.a.MultiPacketReader::resetMessageSequence (10 bytes)
Event: 7150.687 Thread 0x00007f923500e000 nmethod 6327 0x0000000115c7ea10 code [0x0000000115c7ebc0, 0x0000000115c7ed80]
Event: 7624.919 Thread 0x00007f923500e000 6329       3       com.zaxxer.hikari.pool.HikariPool::getTotalConnections (8 bytes)
Event: 7624.919 Thread 0x00007f923500e000 nmethod 6329 0x0000000115c7ee90 code [0x0000000115c7f060, 0x0000000115c7f2f0]
Event: 7624.919 Thread 0x00007f923500e000 6330       3       com.zaxxer.hikari.util.ConcurrentBag::size (8 bytes)
Event: 7624.920 Thread 0x00007f923500e000 nmethod 6330 0x0000000115c7f410 code [0x0000000115c7f5c0, 0x0000000115c7f7d0]
Event: 7624.920 Thread 0x00007f923500e000 6328       3       com.zaxxer.hikari.pool.HikariPool::logPoolState (92 bytes)
Event: 7624.923 Thread 0x00007f923500e000 nmethod 6328 0x0000000115c7f910 code [0x0000000115c7fca0, 0x0000000115c819d0]
Event: 7654.926 Thread 0x00007f923500e000 6331   !   3       com.zaxxer.hikari.pool.HikariPool$HouseKeeper::run (471 bytes)
Event: 7654.933 Thread 0x00007f923500e000 nmethod 6331 0x0000000115c82390 code [0x0000000115c82900, 0x0000000115c85dc0]
Event: 7654.933 Thread 0x00007f923500e000 6332       3       com.zaxxer.hikari.pool.HikariPool::access$600 (5 bytes)
Event: 7654.933 Thread 0x00007f923500e000 nmethod 6332 0x00000001159a8310 code [0x00000001159a84c0, 0x00000001159a85e0]
Event: 7684.929 Thread 0x00007f923500e000 6333       3       ch.qos.logback.classic.Logger::debug (15 bytes)
Event: 7684.930 Thread 0x00007f923500e000 nmethod 6333 0x0000000115ab0f10 code [0x0000000115ab10c0, 0x0000000115ab1240]
Event: 7774.941 Thread 0x00007f923500e000 6334       3       java.util.concurrent.locks.AbstractQueuedSynchronizer::enq (37 bytes)
Event: 7774.946 Thread 0x00007f923500e000 nmethod 6334 0x0000000115c87b10 code [0x0000000115c87f80, 0x0000000115c89da0]
Event: 8194.993 Thread 0x00007f923500e000 6335       3       java.util.concurrent.locks.AbstractQueuedSynchronizer::transferForSignal (45 bytes)
Event: 8194.995 Thread 0x00007f923500e000 nmethod 6335 0x0000000115c8a910 code [0x0000000115c8ac20, 0x0000000115c8bb50]
Event: 8300.047 Thread 0x00007f923500e000 6336       3       jdk.internal.loader.URLClassPath::findResource (38 bytes)
Event: 8300.048 Thread 0x00007f923500e000 nmethod 6336 0x0000000115c8c210 code [0x0000000115c8c3e0, 0x0000000115c8c710]

GC Heap History (20 events):
Event: 1.218 GC heap after
{Heap after GC invocations=3 (full 0):
 garbage-first heap   total 131072K, used 8801K [0x0000000780000000, 0x0000000800000000)
  region size 1024K, 6 young (6144K), 6 survivors (6144K)
 Metaspace       used 20623K, capacity 21205K, committed 21296K, reserved 1069056K
  class space    used 2183K, capacity 2406K, committed 2432K, reserved 1048576K
}
Event: 1.575 GC heap before
{Heap before GC invocations=4 (full 0):
 garbage-first heap   total 131072K, used 79457K [0x0000000780000000, 0x0000000800000000)
  region size 1024K, 76 young (77824K), 6 survivors (6144K)
 Metaspace       used 27235K, capacity 28106K, committed 28208K, reserved 1075200K
  class space    used 3119K, capacity 3446K, committed 3456K, reserved 1048576K
}
Event: 1.581 GC heap after
{Heap after GC invocations=5 (full 0):
 garbage-first heap   total 131072K, used 10669K [0x0000000780000000, 0x0000000800000000)
  region size 1024K, 8 young (8192K), 8 survivors (8192K)
 Metaspace       used 27235K, capacity 28106K, committed 28208K, reserved 1075200K
  class space    used 3119K, capacity 3446K, committed 3456K, reserved 1048576K
}
Event: 1.799 GC heap before
{Heap before GC invocations=5 (full 0):
 garbage-first heap   total 131072K, used 79277K [0x0000000780000000, 0x0000000800000000)
  region size 1024K, 76 young (77824K), 8 survivors (8192K)
 Metaspace       used 31822K, capacity 32698K, committed 32944K, reserved 1079296K
  class space    used 3694K, capacity 4019K, committed 4096K, reserved 1048576K
}
Event: 1.805 GC heap after
{Heap after GC invocations=6 (full 0):
 garbage-first heap   total 157696K, used 12935K [0x0000000780000000, 0x0000000800000000)
  region size 1024K, 7 young (7168K), 7 survivors (7168K)
 Metaspace       used 31822K, capacity 32698K, committed 32944K, reserved 1079296K
  class space    used 3694K, capacity 4019K, committed 4096K, reserved 1048576K
}
Event: 2.002 GC heap before
{Heap before GC invocations=6 (full 0):
 garbage-first heap   total 157696K, used 64135K [0x0000000780000000, 0x0000000800000000)
  region size 1024K, 58 young (59392K), 7 survivors (7168K)
 Metaspace       used 34800K, capacity 35813K, committed 35920K, reserved 1081344K
  class space    used 4100K, capacity 4523K, committed 4608K, reserved 1048576K
}
Event: 2.011 GC heap after
{Heap after GC invocations=7 (full 0):
 garbage-first heap   total 157696K, used 13012K [0x0000000780000000, 0x0000000800000000)
  region size 1024K, 5 young (5120K), 5 survivors (5120K)
 Metaspace       used 34800K, capacity 35813K, committed 35920K, reserved 1081344K
  class space    used 4100K, capacity 4523K, committed 4608K, reserved 1048576K
}
Event: 2.830 GC heap before
{Heap before GC invocations=8 (full 0):
 garbage-first heap   total 157696K, used 102100K [0x0000000780000000, 0x0000000800000000)
  region size 1024K, 92 young (94208K), 5 survivors (5120K)
 Metaspace       used 40949K, capacity 42041K, committed 42192K, reserved 1085440K
  class space    used 5013K, capacity 5458K, committed 5504K, reserved 1048576K
}
Event: 2.836 GC heap after
{Heap after GC invocations=9 (full 0):
 garbage-first heap   total 157696K, used 15081K [0x0000000780000000, 0x0000000800000000)
  region size 1024K, 7 young (7168K), 7 survivors (7168K)
 Metaspace       used 40949K, capacity 42041K, committed 42192K, reserved 1085440K
  class space    used 5013K, capacity 5458K, committed 5504K, reserved 1048576K
}
Event: 3.451 GC heap before
{Heap before GC invocations=9 (full 0):
 garbage-first heap   total 157696K, used 102121K [0x0000000780000000, 0x0000000800000000)
  region size 1024K, 92 young (94208K), 7 survivors (7168K)
 Metaspace       used 46084K, capacity 47340K, committed 47440K, reserved 1091584K
  class space    used 5897K, capacity 6385K, committed 6400K, reserved 1048576K
}
Event: 3.457 GC heap after
{Heap after GC invocations=10 (full 0):
 garbage-first heap   total 157696K, used 17373K [0x0000000780000000, 0x0000000800000000)
  region size 1024K, 7 young (7168K), 7 survivors (7168K)
 Metaspace       used 46084K, capacity 47340K, committed 47440K, reserved 1091584K
  class space    used 5897K, capacity 6385K, committed 6400K, reserved 1048576K
}
Event: 4.008 GC heap before
{Heap before GC invocations=10 (full 0):
 garbage-first heap   total 157696K, used 105437K [0x0000000780000000, 0x0000000800000000)
  region size 1024K, 92 young (94208K), 7 survivors (7168K)
 Metaspace       used 53268K, capacity 54645K, committed 54992K, reserved 1097728K
  class space    used 6744K, capacity 7275K, committed 7296K, reserved 1048576K
}
Event: 4.016 GC heap after
{Heap after GC invocations=11 (full 0):
 garbage-first heap   total 189440K, used 23239K [0x0000000780000000, 0x0000000800000000)
  region size 1024K, 12 young (12288K), 12 survivors (12288K)
 Metaspace       used 53268K, capacity 54645K, committed 54992K, reserved 1097728K
  class space    used 6744K, capacity 7275K, committed 7296K, reserved 1048576K
}
Event: 4.545 GC heap before
{Heap before GC invocations=11 (full 0):
 garbage-first heap   total 189440K, used 124615K [0x0000000780000000, 0x0000000800000000)
  region size 1024K, 111 young (113664K), 12 survivors (12288K)
 Metaspace       used 57139K, capacity 58695K, committed 58960K, reserved 1099776K
  class space    used 7261K, capacity 7874K, committed 7936K, reserved 1048576K
}
Event: 4.555 GC heap after
{Heap after GC invocations=12 (full 0):
 garbage-first heap   total 189440K, used 29021K [0x0000000780000000, 0x0000000800000000)
  region size 1024K, 12 young (12288K), 12 survivors (12288K)
 Metaspace       used 57139K, capacity 58695K, committed 58960K, reserved 1099776K
  class space    used 7261K, capacity 7874K, committed 7936K, reserved 1048576K
}
Event: 4.714 GC heap before
{Heap before GC invocations=12 (full 0):
 garbage-first heap   total 189440K, used 57693K [0x0000000780000000, 0x0000000800000000)
  region size 1024K, 41 young (41984K), 12 survivors (12288K)
 Metaspace       used 58490K, capacity 60078K, committed 60240K, reserved 1101824K
  class space    used 7450K, capacity 8077K, committed 8192K, reserved 1048576K
}
Event: 4.724 GC heap after
{Heap after GC invocations=13 (full 0):
 garbage-first heap   total 189440K, used 30793K [0x0000000780000000, 0x0000000800000000)
  region size 1024K, 8 young (8192K), 8 survivors (8192K)
 Metaspace       used 58490K, capacity 60078K, committed 60240K, reserved 1101824K
  class space    used 7450K, capacity 8077K, committed 8192K, reserved 1048576K
}
Event: 1790.855 GC heap before
{Heap before GC invocations=14 (full 0):
 garbage-first heap   total 189440K, used 116809K [0x0000000780000000, 0x0000000800000000)
  region size 1024K, 92 young (94208K), 8 survivors (8192K)
 Metaspace       used 61111K, capacity 62868K, committed 62928K, reserved 1103872K
  class space    used 7814K, capacity 8521K, committed 8576K, reserved 1048576K
}
Event: 1790.888 GC heap after
{Heap after GC invocations=15 (full 0):
 garbage-first heap   total 189440K, used 33753K [0x0000000780000000, 0x0000000800000000)
  region size 1024K, 6 young (6144K), 6 survivors (6144K)
 Metaspace       used 61111K, capacity 62868K, committed 62928K, reserved 1103872K
  class space    used 7814K, capacity 8521K, committed 8576K, reserved 1048576K
}
Event: 8365.096 GC heap before
{Heap before GC invocations=15 (full 0):
 garbage-first heap   total 189440K, used 121817K [0x0000000780000000, 0x0000000800000000)
  region size 1024K, 93 young (95232K), 6 survivors (6144K)
 Metaspace       used 61560K, capacity 63349K, committed 63440K, reserved 1103872K
  class space    used 7820K, capacity 8553K, committed 8576K, reserved 1048576K
}

Deoptimization events (20 events):
Event: 7150.661 Thread 0x00007f923c009000 DEOPT PACKING pc=0x00000001155da26c sp=0x0000700009610ca0
Event: 7150.661 Thread 0x00007f923c009000 DEOPT UNPACKING pc=0x0000000114be2d3a sp=0x0000700009610260 mode 1
Event: 7150.661 Thread 0x00007f923c009000 DEOPT PACKING pc=0x000000011547d904 sp=0x0000700009610e40
Event: 7150.661 Thread 0x00007f923c009000 DEOPT UNPACKING pc=0x0000000114be2d3a sp=0x00007000096103d0 mode 1
Event: 7150.661 Thread 0x00007f923c009000 DEOPT PACKING pc=0x0000000115474174 sp=0x0000700009610f80
Event: 7150.661 Thread 0x00007f923c009000 DEOPT UNPACKING pc=0x0000000114be2d3a sp=0x00007000096104b0 mode 1
Event: 7150.662 Thread 0x00007f923c00c000 DEOPT PACKING pc=0x00000001159f3134 sp=0x0000700009c226e0
Event: 7150.662 Thread 0x00007f923c00c000 DEOPT UNPACKING pc=0x0000000114be2d3a sp=0x0000700009c21bf0 mode 1
Event: 7150.662 Thread 0x00007f923c00c000 DEOPT PACKING pc=0x00000001152233ac sp=0x0000700009c227b0
Event: 7150.662 Thread 0x00007f923c00c000 DEOPT UNPACKING pc=0x0000000114be2d3a sp=0x0000700009c21d88 mode 1
Event: 7150.675 Thread 0x00007f923c00c000 DEOPT PACKING pc=0x00000001152905e4 sp=0x0000700009c22270
Event: 7150.676 Thread 0x00007f923c00c000 DEOPT UNPACKING pc=0x0000000114be2d3a sp=0x0000700009c21830 mode 1
Event: 7150.676 Thread 0x00007f923c00c000 DEOPT PACKING pc=0x00000001152905e4 sp=0x0000700009c22270
Event: 7150.676 Thread 0x00007f923c00c000 DEOPT UNPACKING pc=0x0000000114be2d3a sp=0x0000700009c21830 mode 1
Event: 7150.680 Thread 0x00007f923c00c000 DEOPT PACKING pc=0x000000011520f283 sp=0x0000700009c21fb0
Event: 7150.680 Thread 0x00007f923c00c000 DEOPT UNPACKING pc=0x0000000114be2d3a sp=0x0000700009c21420 mode 0
Event: 7150.681 Thread 0x00007f923c00c000 DEOPT PACKING pc=0x0000000115ad69c1 sp=0x0000700009c22490
Event: 7150.681 Thread 0x00007f923c00c000 DEOPT UNPACKING pc=0x0000000114be2d3a sp=0x0000700009c21968 mode 1
Event: 7150.681 Thread 0x00007f923c00c000 DEOPT PACKING pc=0x0000000115ad69c1 sp=0x0000700009c22830
Event: 7150.681 Thread 0x00007f923c00c000 DEOPT UNPACKING pc=0x0000000114be2d3a sp=0x0000700009c21d08 mode 1

Classes redefined (12 events):
Event: 3.098 Thread 0x00007f9233009000 redefined class name=com.example.demo.service.CustomerUpsertConfirmService, count=1
Event: 3.138 Thread 0x00007f9233009000 redefined class name=org.springframework.ui.Model, count=1
Event: 3.217 Thread 0x00007f9233009000 redefined class name=org.springframework.web.servlet.mvc.support.RedirectAttributes, count=1
Event: 1164.371 Thread 0x00007f9233009000 redefined class name=com.example.demo.controller.CustomerUpsertConfirmControllerTest, count=1
Event: 2702.518 Thread 0x00007f9233009000 redefined class name=com.example.demo.controller.CustomerUpsertConfirmControllerTest, count=2
Event: 2857.838 Thread 0x00007f9233009000 redefined class name=com.example.demo.controller.CustomerUpsertConfirmControllerTest, count=3
Event: 4009.035 Thread 0x00007f9233009000 redefined class name=com.example.demo.controller.CustomerUpsertConfirmControllerTest, count=4
Event: 4159.638 Thread 0x00007f9233009000 redefined class name=com.example.demo.controller.CustomerUpsertConfirmControllerTest, count=5
Event: 4196.379 Thread 0x00007f9233009000 redefined class name=com.example.demo.controller.CustomerUpsertConfirmControllerTest, count=6
Event: 4243.573 Thread 0x00007f9233009000 redefined class name=com.example.demo.controller.CustomerUpsertConfirmControllerTest, count=7
Event: 4289.200 Thread 0x00007f9233009000 redefined class name=com.example.demo.controller.CustomerUpsertConfirmControllerTest, count=8
Event: 4584.816 Thread 0x00007f9233009000 redefined class name=com.example.demo.controller.CustomerUpsertConfirmControllerTest, count=9

Internal exceptions (20 events):
Event: 5.038 Thread 0x00007f9231010000 Exception <a 'java/lang/ClassNotFoundException'{0x0000000787ca2f90}: org/springframework/boot/test/autoconfigure/web/servlet/MockMvcSecurityConfigurationCustomizer> (0x0000000787ca2f90) thrown at [./src/hotspot/share/classfile/systemDictionary.cpp, line 231]
Event: 5.039 Thread 0x00007f9231010000 Exception <a 'java/lang/ClassNotFoundException'{0x0000000787cb54f0}: java/lang/ObjectCustomizer> (0x0000000787cb54f0) thrown at [./src/hotspot/share/classfile/systemDictionary.cpp, line 231]
Event: 5.039 Thread 0x00007f9231010000 Exception <a 'java/lang/ClassNotFoundException'{0x0000000787cd38e8}: org/springframework/boot/test/autoconfigure/web/servlet/MockMvcSecurityConfiguration$SecurityMockMvcBuilderCustomizerCustomizer> (0x0000000787cd38e8) thrown at [./src/hotspot/share/classfile/systemDictionary.cpp, line 231]
Event: 5.040 Thread 0x00007f9231010000 Exception <a 'java/lang/ClassNotFoundException'{0x0000000787cecb58}: org/springframework/boot/test/autoconfigure/web/servlet/MockMvcBuilderCustomizerCustomizer> (0x0000000787cecb58) thrown at [./src/hotspot/share/classfile/systemDictionary.cpp, line 231]
Event: 5.048 Thread 0x00007f9231010000 Exception <a 'java/lang/ClassNotFoundException'{0x0000000787a1af98}: java/lang/ObjectCustomizer> (0x0000000787a1af98) thrown at [./src/hotspot/share/classfile/systemDictionary.cpp, line 231]
Event: 5.049 Thread 0x00007f9231010000 Exception <a 'java/lang/ClassNotFoundException'{0x0000000787a31770}: org/springframework/test/web/servlet/MockMvcBuilderSupportCustomizer> (0x0000000787a31770) thrown at [./src/hotspot/share/classfile/systemDictionary.cpp, line 231]
Event: 5.049 Thread 0x00007f9231010000 Exception <a 'java/lang/ClassNotFoundException'{0x0000000787a46ef0}: org/springframework/test/web/servlet/setup/AbstractMockMvcBuilderCustomizer> (0x0000000787a46ef0) thrown at [./src/hotspot/share/classfile/systemDictionary.cpp, line 231]
Event: 5.050 Thread 0x00007f9231010000 Exception <a 'java/lang/ClassNotFoundException'{0x0000000787a6a8b0}: org/springframework/test/web/servlet/setup/DefaultMockMvcBuilderCustomizer> (0x0000000787a6a8b0) thrown at [./src/hotspot/share/classfile/systemDictionary.cpp, line 231]
Event: 5.050 Thread 0x00007f9231010000 Exception <a 'java/lang/ClassNotFoundException'{0x0000000787a83190}: org/springframework/test/web/servlet/setup/ConfigurableMockMvcBuilderCustomizer> (0x0000000787a83190) thrown at [./src/hotspot/share/classfile/systemDictionary.cpp, line 231]
Event: 5.050 Thread 0x00007f9231010000 Exception <a 'java/lang/ClassNotFoundException'{0x0000000787a9ca78}: org/springframework/test/web/servlet/MockMvcBuilderCustomizer> (0x0000000787a9ca78) thrown at [./src/hotspot/share/classfile/systemDictionary.cpp, line 231]
Event: 5.071 Thread 0x00007f9231010000 Exception <a 'java/lang/ClassNotFoundException'{0x00000007877599c8}: java/lang/ObjectCustomizer> (0x00000007877599c8) thrown at [./src/hotspot/share/classfile/systemDictionary.cpp, line 231]
Event: 5.071 Thread 0x00007f9231010000 Exception <a 'java/lang/ClassNotFoundException'{0x000000078776e310}: org/springframework/test/web/servlet/MockMvcCustomizer> (0x000000078776e310) thrown at [./src/hotspot/share/classfile/systemDictionary.cpp, line 231]
Event: 5.098 Thread 0x00007f9231010000 Exception <a 'java/lang/ClassNotFoundException'{0x000000078743e8f0}: java/lang/ObjectCustomizer> (0x000000078743e8f0) thrown at [./src/hotspot/share/classfile/systemDictionary.cpp, line 231]
Event: 5.098 Thread 0x00007f9231010000 Exception <a 'java/lang/ClassNotFoundException'{0x0000000787454df0}: com/example/demo/controller/CustomerUpsertConfirmControllerTestCustomizer> (0x0000000787454df0) thrown at [./src/hotspot/share/classfile/systemDictionary.cpp, line 231]
Event: 5.104 Thread 0x00007f9231010000 Exception <a 'java/lang/NoSuchMethodError'{0x00000007874e2330}: 'java.lang.Object java.lang.invoke.DirectMethodHandle$Holder.invokeSpecial(java.lang.Object, java.lang.Object, java.lang.Object, java.lang.Object, java.lang.Object, int)'> (0x00000007874e2330) thrown at [./src/hotspot/share/interpreter/linkResolver.cpp, line 773]
Event: 5.104 Thread 0x00007f9231010000 Exception <a 'java/lang/NoSuchMethodError'{0x00000007874e5a28}: 'java.lang.Object java.lang.invoke.Invokers$Holder.linkToTargetMethod(java.lang.Object, java.lang.Object, java.lang.Object, int, java.lang.Object)'> (0x00000007874e5a28) thrown at [./src/hotspot/share/interpreter/linkResolver.cpp, line 773]
Event: 5.106 Thread 0x00007f9231010000 Exception <a 'java/lang/ClassNotFoundException'{0x0000000787306a58}: java/lang/ObjectCustomizer> (0x0000000787306a58) thrown at [./src/hotspot/share/classfile/systemDictionary.cpp, line 231]
Event: 5.107 Thread 0x00007f9231010000 Exception <a 'java/lang/ClassNotFoundException'{0x0000000787320108}: org/springframework/security/test/context/support/WithMockUserSecurityContextFactoryCustomizer> (0x0000000787320108) thrown at [./src/hotspot/share/classfile/systemDictionary.cpp, line 231]
Event: 5.107 Thread 0x00007f9231010000 Exception <a 'java/lang/ClassNotFoundException'{0x000000078733a580}: org/springframework/security/test/context/support/WithSecurityContextFactoryCustomizer> (0x000000078733a580) thrown at [./src/hotspot/share/classfile/systemDictionary.cpp, line 231]
Event: 5.113 Thread 0x00007f9231010000 Exception <a 'java/lang/IncompatibleClassChangeError'{0x00000007873e4c90}: Found class java.lang.Object, but interface was expected> (0x00000007873e4c90) thrown at [./src/hotspot/share/interpreter/linkResolver.cpp, line 839]

Events (20 events):
Event: 7150.660 Executing VM operation: RevokeBias done
Event: 7150.660 Executing VM operation: RevokeBias
Event: 7150.660 Executing VM operation: RevokeBias done
Event: 7150.660 Executing VM operation: RevokeBias
Event: 7150.660 Executing VM operation: RevokeBias done
Event: 7150.661 Executing VM operation: RevokeBias
Event: 7150.661 Executing VM operation: RevokeBias done
Event: 7150.661 Executing VM operation: RevokeBias
Event: 7150.661 Executing VM operation: RevokeBias done
Event: 7150.661 Executing VM operation: RevokeBias
Event: 7150.661 Executing VM operation: RevokeBias done
Event: 7155.669 Executing VM operation: RevokeBias
Event: 7155.669 Executing VM operation: RevokeBias done
Event: 7155.670 Protecting memory [0x0000700009512000,0x0000700009516000] with protection modes 3
Event: 7155.670 Thread 0x00007f923c009000 Thread exited: 0x00007f923c009000
Event: 7155.691 Executing VM operation: RevokeBias
Event: 7155.691 Executing VM operation: RevokeBias done
Event: 7155.692 Protecting memory [0x0000700009b24000,0x0000700009b28000] with protection modes 3
Event: 7155.692 Thread 0x00007f923c00c000 Thread exited: 0x00007f923c00c000
Event: 8365.095 Executing VM operation: G1CollectForAllocation


Dynamic libraries:
0x00007fff31d74000 	/System/Library/Frameworks/Cocoa.framework/Versions/A/Cocoa
0x00007fff3f56b000 	/System/Library/Frameworks/Security.framework/Versions/A/Security
0x00007fff30cd9000 	/System/Library/Frameworks/ApplicationServices.framework/Versions/A/ApplicationServices
0x00007fff6c08a000 	/usr/lib/libz.1.dylib
0x0000000106e73000 	/Applications/Eclipse_2020-12.app/Contents/java/11/Home/lib/jli/libjli.dylib
0x00007fff69b50000 	/usr/lib/libSystem.B.dylib
0x00007fff2fec9000 	/System/Library/Frameworks/AppKit.framework/Versions/C/AppKit
0x00007fff326f8000 	/System/Library/Frameworks/CoreData.framework/Versions/A/CoreData
0x00007fff352d3000 	/System/Library/Frameworks/Foundation.framework/Versions/C/Foundation
0x00007fff63b64000 	/System/Library/PrivateFrameworks/UIFoundation.framework/Versions/A/UIFoundation
0x00007fff5ebf8000 	/System/Library/PrivateFrameworks/RemoteViewServices.framework/Versions/A/RemoteViewServices
0x00007fff666c0000 	/System/Library/PrivateFrameworks/XCTTargetBootstrap.framework/Versions/A/XCTTargetBootstrap
0x00007fff32ae3000 	/System/Library/Frameworks/CoreDisplay.framework/Versions/A/CoreDisplay
0x00007fff3818d000 	/System/Library/Frameworks/Metal.framework/Versions/A/Metal
0x00007fff4cc00000 	/System/Library/PrivateFrameworks/DesktopServicesPriv.framework/Versions/A/DesktopServicesPriv
0x00007fff6ac89000 	/usr/lib/liblangid.dylib
0x00007fff4be95000 	/System/Library/PrivateFrameworks/CoreSVG.framework/Versions/A/CoreSVG
0x00007fff61d54000 	/System/Library/PrivateFrameworks/SkyLight.framework/Versions/A/SkyLight
0x00007fff33097000 	/System/Library/Frameworks/CoreGraphics.framework/Versions/A/CoreGraphics
0x00007fff2e89d000 	/System/Library/Frameworks/Accelerate.framework/Versions/A/Accelerate
0x00007fff6bf7b000 	/usr/lib/libxml2.2.dylib
0x00007fff57b8d000 	/System/Library/PrivateFrameworks/IconServices.framework/Versions/A/IconServices
0x00007fff35ab2000 	/System/Library/Frameworks/IOSurface.framework/Versions/A/IOSurface
0x00007fff6967a000 	/usr/lib/libDiagnosticMessagesClient.dylib
0x00007fff4ca5a000 	/System/Library/PrivateFrameworks/DFRFoundation.framework/Versions/A/DFRFoundation
0x00007fff6aa1a000 	/usr/lib/libicucore.A.dylib
0x00007fff3100b000 	/System/Library/Frameworks/AudioToolbox.framework/Versions/A/AudioToolbox
0x00007fff310ee000 	/System/Library/Frameworks/AudioUnit.framework/Versions/A/AudioUnit
0x00007fff69d52000 	/usr/lib/libauto.dylib
0x00007fff4cafc000 	/System/Library/PrivateFrameworks/DataDetectorsCore.framework/Versions/A/DataDetectorsCore
0x00007fff31895000 	/System/Library/Frameworks/Carbon.framework/Versions/A/Frameworks/HIToolbox.framework/Versions/A/HIToolbox
0x00007fff3e765000 	/System/Library/Frameworks/QuartzCore.framework/Versions/A/QuartzCore
0x00007fff31bd4000 	/System/Library/Frameworks/Carbon.framework/Versions/A/Frameworks/SpeechRecognition.framework/Versions/A/SpeechRecognition
0x00007fff4c56e000 	/System/Library/PrivateFrameworks/CoreUI.framework/Versions/A/CoreUI
0x00007fff32163000 	/System/Library/Frameworks/CoreAudio.framework/Versions/A/CoreAudio
0x00007fff34f92000 	/System/Library/Frameworks/DiskArbitration.framework/Versions/A/DiskArbitration
0x00007fff59bdd000 	/System/Library/PrivateFrameworks/MultitouchSupport.framework/Versions/A/MultitouchSupport
0x00007fff6a8e1000 	/usr/lib/libenergytrace.dylib
0x00007fff35a0c000 	/System/Library/Frameworks/IOKit.framework/Versions/A/IOKit
0x00007fff33ffe000 	/System/Library/Frameworks/CoreServices.framework/Versions/A/CoreServices
0x00007fff5bd8b000 	/System/Library/PrivateFrameworks/PerformanceAnalysis.framework/Versions/A/PerformanceAnalysis
0x00007fff3d798000 	/System/Library/Frameworks/OpenGL.framework/Versions/A/OpenGL
0x00007fff6b9ae000 	/usr/lib/libobjc.A.dylib
0x00007fff31d82000 	/System/Library/Frameworks/ColorSync.framework/Versions/A/ColorSync
0x00007fff32c16000 	/System/Library/Frameworks/CoreFoundation.framework/Versions/A/CoreFoundation
0x00007fff3371a000 	/System/Library/Frameworks/CoreImage.framework/Versions/A/CoreImage
0x00007fff34a71000 	/System/Library/Frameworks/CoreText.framework/Versions/A/CoreText
0x00007fff35b42000 	/System/Library/Frameworks/ImageIO.framework/Versions/A/ImageIO
0x00007fff69e36000 	/usr/lib/libc++.1.dylib
0x00007fff69eb2000 	/usr/lib/libcompression.dylib
0x00007fff699be000 	/usr/lib/libMobileGestalt.dylib
0x00007fff638ce000 	/System/Library/PrivateFrameworks/TextureIO.framework/Versions/A/TextureIO
0x00007fff69cb5000 	/usr/lib/libate.dylib
0x00007fff57d96000 	/System/Library/PrivateFrameworks/InternationalSupport.framework/Versions/A/InternationalSupport
0x00007fff6c94b000 	/usr/lib/system/libcache.dylib
0x00007fff6c951000 	/usr/lib/system/libcommonCrypto.dylib
0x00007fff6c95d000 	/usr/lib/system/libcompiler_rt.dylib
0x00007fff6c965000 	/usr/lib/system/libcopyfile.dylib
0x00007fff6c96f000 	/usr/lib/system/libcorecrypto.dylib
0x00007fff6cb0e000 	/usr/lib/system/libdispatch.dylib
0x00007fff6cb4f000 	/usr/lib/system/libdyld.dylib
0x00007fff6cb86000 	/usr/lib/system/libkeymgr.dylib
0x00007fff6cb94000 	/usr/lib/system/liblaunch.dylib
0x00007fff6cb95000 	/usr/lib/system/libmacho.dylib
0x00007fff6cb9b000 	/usr/lib/system/libquarantine.dylib
0x00007fff6cb9e000 	/usr/lib/system/libremovefile.dylib
0x00007fff6cba0000 	/usr/lib/system/libsystem_asl.dylib
0x00007fff6cbb8000 	/usr/lib/system/libsystem_blocks.dylib
0x00007fff6cbb9000 	/usr/lib/system/libsystem_c.dylib
0x00007fff6cc41000 	/usr/lib/system/libsystem_configuration.dylib
0x00007fff6cc45000 	/usr/lib/system/libsystem_coreservices.dylib
0x00007fff6cc49000 	/usr/lib/system/libsystem_darwin.dylib
0x00007fff6cc52000 	/usr/lib/system/libsystem_dnssd.dylib
0x00007fff6cc5a000 	/usr/lib/system/libsystem_featureflags.dylib
0x00007fff6cc5c000 	/usr/lib/system/libsystem_info.dylib
0x00007fff6ccd7000 	/usr/lib/system/libsystem_m.dylib
0x00007fff6cd1f000 	/usr/lib/system/libsystem_malloc.dylib
0x00007fff6cd47000 	/usr/lib/system/libsystem_networkextension.dylib
0x00007fff6cd55000 	/usr/lib/system/libsystem_notify.dylib
0x00007fff6cd73000 	/usr/lib/system/libsystem_sandbox.dylib
0x00007fff6cd78000 	/usr/lib/system/libsystem_secinit.dylib
0x00007fff6ccaa000 	/usr/lib/system/libsystem_kernel.dylib
0x00007fff6cd5f000 	/usr/lib/system/libsystem_platform.dylib
0x00007fff6cd68000 	/usr/lib/system/libsystem_pthread.dylib
0x00007fff6cd7b000 	/usr/lib/system/libsystem_symptoms.dylib
0x00007fff6cd83000 	/usr/lib/system/libsystem_trace.dylib
0x00007fff6cd9b000 	/usr/lib/system/libunwind.dylib
0x00007fff6cda1000 	/usr/lib/system/libxpc.dylib
0x00007fff69e89000 	/usr/lib/libc++abi.dylib
0x00007fff6ac8b000 	/usr/lib/liblzma.5.dylib
0x00007fff6a908000 	/usr/lib/libfakelink.dylib
0x00007fff69c42000 	/usr/lib/libarchive.2.dylib
0x00007fff4061c000 	/System/Library/Frameworks/SystemConfiguration.framework/Versions/A/SystemConfiguration
0x00007fff695ad000 	/usr/lib/libCRFSuite.dylib
0x00007fff31485000 	/System/Library/Frameworks/CFNetwork.framework/Versions/A/CFNetwork
0x00007fff69e18000 	/usr/lib/libbsm.0.dylib
0x00007fff6cb87000 	/usr/lib/system/libkxld.dylib
0x00007fff463d6000 	/System/Library/PrivateFrameworks/AppleFSCompression.framework/Versions/A/AppleFSCompression
0x00007fff6a1a3000 	/usr/lib/libcoretls.dylib
0x00007fff6a1ba000 	/usr/lib/libcoretls_cfhelpers.dylib
0x00007fff6b9f4000 	/usr/lib/libpam.2.dylib
0x00007fff6bb29000 	/usr/lib/libsqlite3.dylib
0x00007fff6bf68000 	/usr/lib/libxar.1.dylib
0x00007fff69e29000 	/usr/lib/libbz2.1.0.dylib
0x00007fff6a929000 	/usr/lib/libiconv.2.dylib
0x00007fff69e9f000 	/usr/lib/libcharset.1.dylib
0x00007fff6b491000 	/usr/lib/libnetwork.dylib
0x00007fff6b9fb000 	/usr/lib/libpcap.A.dylib
0x00007fff69bf7000 	/usr/lib/libapple_nghttp2.dylib
0x00007fff343b5000 	/System/Library/Frameworks/CoreServices.framework/Versions/A/Frameworks/FSEvents.framework/Versions/A/FSEvents
0x00007fff34085000 	/System/Library/Frameworks/CoreServices.framework/Versions/A/Frameworks/CarbonCore.framework/Versions/A/CarbonCore
0x00007fff345f9000 	/System/Library/Frameworks/CoreServices.framework/Versions/A/Frameworks/Metadata.framework/Versions/A/Metadata
0x00007fff34692000 	/System/Library/Frameworks/CoreServices.framework/Versions/A/Frameworks/OSServices.framework/Versions/A/OSServices
0x00007fff346c0000 	/System/Library/Frameworks/CoreServices.framework/Versions/A/Frameworks/SearchKit.framework/Versions/A/SearchKit
0x00007fff33fff000 	/System/Library/Frameworks/CoreServices.framework/Versions/A/Frameworks/AE.framework/Versions/A/AE
0x00007fff343be000 	/System/Library/Frameworks/CoreServices.framework/Versions/A/Frameworks/LaunchServices.framework/Versions/A/LaunchServices
0x00007fff34367000 	/System/Library/Frameworks/CoreServices.framework/Versions/A/Frameworks/DictionaryServices.framework/Versions/A/DictionaryServices
0x00007fff34728000 	/System/Library/Frameworks/CoreServices.framework/Versions/A/Frameworks/SharedFileList.framework/Versions/A/SharedFileList
0x00007fff395b7000 	/System/Library/Frameworks/NetFS.framework/Versions/A/NetFS
0x00007fff5a10d000 	/System/Library/PrivateFrameworks/NetAuth.framework/Versions/A/NetAuth
0x00007fff66a8d000 	/System/Library/PrivateFrameworks/login.framework/Versions/A/Frameworks/loginsupport.framework/Versions/A/loginsupport
0x00007fff63399000 	/System/Library/PrivateFrameworks/TCC.framework/Versions/A/TCC
0x00007fff4b008000 	/System/Library/PrivateFrameworks/CoreNLP.framework/Versions/A/CoreNLP
0x00007fff5960a000 	/System/Library/PrivateFrameworks/MetadataUtilities.framework/Versions/A/MetadataUtilities
0x00007fff6ad63000 	/usr/lib/libmecabra.dylib
0x00007fff6acbb000 	/usr/lib/libmecab.dylib
0x00007fff6a919000 	/usr/lib/libgermantok.dylib
0x00007fff69bde000 	/usr/lib/libThaiTokenizer.dylib
0x00007fff695e4000 	/usr/lib/libChineseTokenizer.dylib
0x00007fff2e8b5000 	/System/Library/Frameworks/Accelerate.framework/Versions/A/Frameworks/vImage.framework/Versions/A/vImage
0x00007fff2fd1f000 	/System/Library/Frameworks/Accelerate.framework/Versions/A/Frameworks/vecLib.framework/Versions/A/vecLib
0x00007fff2fc5c000 	/System/Library/Frameworks/Accelerate.framework/Versions/A/Frameworks/vecLib.framework/Versions/A/libvMisc.dylib
0x00007fff2fa84000 	/System/Library/Frameworks/Accelerate.framework/Versions/A/Frameworks/vecLib.framework/Versions/A/libvDSP.dylib
0x00007fff2ef0c000 	/System/Library/Frameworks/Accelerate.framework/Versions/A/Frameworks/vecLib.framework/Versions/A/libBLAS.dylib
0x00007fff2f648000 	/System/Library/Frameworks/Accelerate.framework/Versions/A/Frameworks/vecLib.framework/Versions/A/libLAPACK.dylib
0x00007fff2f9e4000 	/System/Library/Frameworks/Accelerate.framework/Versions/A/Frameworks/vecLib.framework/Versions/A/libLinearAlgebra.dylib
0x00007fff2fa71000 	/System/Library/Frameworks/Accelerate.framework/Versions/A/Frameworks/vecLib.framework/Versions/A/libSparseBLAS.dylib
0x00007fff2f9fa000 	/System/Library/Frameworks/Accelerate.framework/Versions/A/Frameworks/vecLib.framework/Versions/A/libQuadrature.dylib
0x00007fff2f174000 	/System/Library/Frameworks/Accelerate.framework/Versions/A/Frameworks/vecLib.framework/Versions/A/libBNNS.dylib
0x00007fff2fa00000 	/System/Library/Frameworks/Accelerate.framework/Versions/A/Frameworks/vecLib.framework/Versions/A/libSparse.dylib
0x00007fff5817e000 	/System/Library/PrivateFrameworks/LanguageModeling.framework/Versions/A/LanguageModeling
0x00007fff4a9b8000 	/System/Library/PrivateFrameworks/CoreEmoji.framework/Versions/A/CoreEmoji
0x00007fff5829c000 	/System/Library/PrivateFrameworks/LinguisticData.framework/Versions/A/LinguisticData
0x00007fff5824d000 	/System/Library/PrivateFrameworks/Lexicon.framework/Versions/A/Lexicon
0x00007fff69ea0000 	/usr/lib/libcmph.dylib
0x00007fff3c1a6000 	/System/Library/Frameworks/OpenDirectory.framework/Versions/A/Frameworks/CFOpenDirectory.framework/Versions/A/CFOpenDirectory
0x00007fff3c1c3000 	/System/Library/Frameworks/OpenDirectory.framework/Versions/A/OpenDirectory
0x00007fff44606000 	/System/Library/PrivateFrameworks/APFS.framework/Versions/A/APFS
0x00007fff3f8b5000 	/System/Library/Frameworks/SecurityFoundation.framework/Versions/A/SecurityFoundation
0x00007fff6bf64000 	/usr/lib/libutil.dylib
0x00007fff4beed000 	/System/Library/PrivateFrameworks/CoreServicesStore.framework/Versions/A/CoreServicesStore
0x00007fff3f96c000 	/System/Library/Frameworks/ServiceManagement.framework/Versions/A/ServiceManagement
0x00007fff47ba6000 	/System/Library/PrivateFrameworks/BackgroundTaskManagement.framework/Versions/A/BackgroundTaskManagement
0x00007fff6c061000 	/usr/lib/libxslt.1.dylib
0x00007fff46a49000 	/System/Library/PrivateFrameworks/AppleSystemInfo.framework/Versions/A/AppleSystemInfo
0x00007fff35d5e000 	/System/Library/Frameworks/ImageIO.framework/Versions/A/Resources/libJPEG.dylib
0x00007fff3601b000 	/System/Library/Frameworks/ImageIO.framework/Versions/A/Resources/libTIFF.dylib
0x00007fff35ffe000 	/System/Library/Frameworks/ImageIO.framework/Versions/A/Resources/libPng.dylib
0x00007fff35ca0000 	/System/Library/Frameworks/ImageIO.framework/Versions/A/Resources/libGIF.dylib
0x00007fff35ca4000 	/System/Library/Frameworks/ImageIO.framework/Versions/A/Resources/libJP2.dylib
0x00007fff36019000 	/System/Library/Frameworks/ImageIO.framework/Versions/A/Resources/libRadiance.dylib
0x00007fff6a8e2000 	/usr/lib/libexpat.1.dylib
0x00007fff46531000 	/System/Library/PrivateFrameworks/AppleJPEG.framework/Versions/A/AppleJPEG
0x00007fff4f1ed000 	/System/Library/PrivateFrameworks/FontServices.framework/libFontParser.dylib
0x00007fff65a8f000 	/System/Library/PrivateFrameworks/WatchdogClient.framework/Versions/A/WatchdogClient
0x00007fff577d9000 	/System/Library/PrivateFrameworks/IOAccelerator.framework/Versions/A/IOAccelerator
0x00007fff38528000 	/System/Library/Frameworks/MetalPerformanceShaders.framework/Versions/A/MetalPerformanceShaders
0x00007fff53f69000 	/System/Library/PrivateFrameworks/GPUWrangler.framework/Versions/A/GPUWrangler
0x00007fff577ee000 	/System/Library/PrivateFrameworks/IOPresentment.framework/Versions/A/IOPresentment
0x00007fff4ca6d000 	/System/Library/PrivateFrameworks/DSExternalDisplay.framework/Versions/A/DSExternalDisplay
0x00007fff3cb37000 	/System/Library/Frameworks/OpenGL.framework/Versions/A/Libraries/libCoreFSCache.dylib
0x00007fff38274000 	/System/Library/Frameworks/MetalPerformanceShaders.framework/Frameworks/MPSCore.framework/Versions/A/MPSCore
0x00007fff382b2000 	/System/Library/Frameworks/MetalPerformanceShaders.framework/Frameworks/MPSImage.framework/Versions/A/MPSImage
0x00007fff38379000 	/System/Library/Frameworks/MetalPerformanceShaders.framework/Frameworks/MPSNeuralNetwork.framework/Versions/A/MPSNeuralNetwork
0x00007fff3833d000 	/System/Library/Frameworks/MetalPerformanceShaders.framework/Frameworks/MPSMatrix.framework/Versions/A/MPSMatrix
0x00007fff384d8000 	/System/Library/Frameworks/MetalPerformanceShaders.framework/Frameworks/MPSRayIntersector.framework/Versions/A/MPSRayIntersector
0x00007fff38363000 	/System/Library/Frameworks/MetalPerformanceShaders.framework/Frameworks/MPSNDArray.framework/Versions/A/MPSNDArray
0x00007fff59657000 	/System/Library/PrivateFrameworks/MetalTools.framework/Versions/A/MetalTools
0x00007fff457e0000 	/System/Library/PrivateFrameworks/AggregateDictionary.framework/Versions/A/AggregateDictionary
0x00007fff4a400000 	/System/Library/PrivateFrameworks/CoreAnalytics.framework/Versions/A/CoreAnalytics
0x00007fff46968000 	/System/Library/PrivateFrameworks/AppleSauce.framework/Versions/A/AppleSauce
0x00007fff698a0000 	/usr/lib/libIOReport.dylib
0x00007fff34c29000 	/System/Library/Frameworks/CoreVideo.framework/Versions/A/CoreVideo
0x00007fff553e2000 	/System/Library/PrivateFrameworks/GraphVisualizer.framework/Versions/A/GraphVisualizer
0x00007fff4e733000 	/System/Library/PrivateFrameworks/FaceCore.framework/Versions/A/FaceCore
0x00007fff3c14d000 	/System/Library/Frameworks/OpenCL.framework/Versions/A/OpenCL
0x00007fff696c2000 	/usr/lib/libFosl_dynamic.dylib
0x00007fff5ab23000 	/System/Library/PrivateFrameworks/OTSVG.framework/Versions/A/OTSVG
0x00007fff30dde000 	/System/Library/Frameworks/ApplicationServices.framework/Versions/A/Frameworks/ATS.framework/Versions/A/Resources/libFontRegistry.dylib
0x00007fff4f3bd000 	/System/Library/PrivateFrameworks/FontServices.framework/libhvf.dylib
0x00007fff3cb42000 	/System/Library/Frameworks/OpenGL.framework/Versions/A/Libraries/libGFXShared.dylib
0x00007fff3cd20000 	/System/Library/Frameworks/OpenGL.framework/Versions/A/Libraries/libGLU.dylib
0x00007fff3cb4b000 	/System/Library/Frameworks/OpenGL.framework/Versions/A/Libraries/libGL.dylib
0x00007fff3cb56000 	/System/Library/Frameworks/OpenGL.framework/Versions/A/Libraries/libGLImage.dylib
0x00007fff3cb34000 	/System/Library/Frameworks/OpenGL.framework/Versions/A/Libraries/libCVMSPluginSupport.dylib
0x00007fff3cb3d000 	/System/Library/Frameworks/OpenGL.framework/Versions/A/Libraries/libCoreVMClient.dylib
0x00007fff6b332000 	/usr/lib/libncurses.5.4.dylib
0x00007fff30cda000 	/System/Library/Frameworks/ApplicationServices.framework/Versions/A/Frameworks/ATS.framework/Versions/A/ATS
0x00007fff30ea7000 	/System/Library/Frameworks/ApplicationServices.framework/Versions/A/Frameworks/ColorSyncLegacy.framework/Versions/A/ColorSyncLegacy
0x00007fff30f45000 	/System/Library/Frameworks/ApplicationServices.framework/Versions/A/Frameworks/HIServices.framework/Versions/A/HIServices
0x00007fff30f9d000 	/System/Library/Frameworks/ApplicationServices.framework/Versions/A/Frameworks/LangAnalysis.framework/Versions/A/LangAnalysis
0x00007fff30fac000 	/System/Library/Frameworks/ApplicationServices.framework/Versions/A/Frameworks/PrintCore.framework/Versions/A/PrintCore
0x00007fff30ff2000 	/System/Library/Frameworks/ApplicationServices.framework/Versions/A/Frameworks/QD.framework/Versions/A/QD
0x00007fff30ffd000 	/System/Library/Frameworks/ApplicationServices.framework/Versions/A/Frameworks/SpeechSynthesis.framework/Versions/A/SpeechSynthesis
0x00007fff30e77000 	/System/Library/Frameworks/ApplicationServices.framework/Versions/A/Frameworks/ATSUI.framework/Versions/A/ATSUI
0x00007fff6a778000 	/usr/lib/libcups.2.dylib
0x00007fff375c3000 	/System/Library/Frameworks/Kerberos.framework/Versions/A/Kerberos
0x00007fff35705000 	/System/Library/Frameworks/GSS.framework/Versions/A/GSS
0x00007fff6bab5000 	/usr/lib/libresolv.9.dylib
0x00007fff5558f000 	/System/Library/PrivateFrameworks/Heimdal.framework/Versions/A/Heimdal
0x00007fff375d6000 	/System/Library/Frameworks/Kerberos.framework/Versions/A/Libraries/libHeimdalProxy.dylib
0x00007fff6a91f000 	/usr/lib/libheimdal-asn1.dylib
0x00007fff49898000 	/System/Library/PrivateFrameworks/CommonAuth.framework/Versions/A/CommonAuth
0x00007fff46ae6000 	/System/Library/PrivateFrameworks/AssertionServices.framework/Versions/A/AssertionServices
0x00007fff47689000 	/System/Library/PrivateFrameworks/AudioToolboxCore.framework/Versions/A/AudioToolboxCore
0x00007fff6673d000 	/System/Library/PrivateFrameworks/caulk.framework/Versions/A/caulk
0x00007fff47c52000 	/System/Library/PrivateFrameworks/BaseBoard.framework/Versions/A/BaseBoard
0x00007fff5ed86000 	/System/Library/PrivateFrameworks/RunningBoardServices.framework/Versions/A/RunningBoardServices
0x00007fff5bd97000 	/System/Library/PrivateFrameworks/PersistentConnection.framework/Versions/A/PersistentConnection
0x00007fff5e77f000 	/System/Library/PrivateFrameworks/ProtocolBuffer.framework/Versions/A/ProtocolBuffer
0x00007fff498bc000 	/System/Library/PrivateFrameworks/CommonUtilities.framework/Versions/A/CommonUtilities
0x00007fff47de0000 	/System/Library/PrivateFrameworks/Bom.framework/Versions/A/Bom
0x00007fff69573000 	/usr/lib/libAudioToolboxUtility.dylib
0x00007fff47bb0000 	/System/Library/PrivateFrameworks/Backup.framework/Versions/A/Backup
0x00007fff4c98e000 	/System/Library/PrivateFrameworks/CrashReporterSupport.framework/Versions/A/CrashReporterSupport
0x00007fff60818000 	/System/Library/PrivateFrameworks/Sharing.framework/Versions/A/Sharing
0x00007fff460f4000 	/System/Library/PrivateFrameworks/Apple80211.framework/Versions/A/Apple80211
0x00007fff478cd000 	/System/Library/PrivateFrameworks/AuthKit.framework/Versions/A/AuthKit
0x00007fff4c69b000 	/System/Library/PrivateFrameworks/CoreUtils.framework/Versions/A/CoreUtils
0x00007fff34c6e000 	/System/Library/Frameworks/CoreWLAN.framework/Versions/A/CoreWLAN
0x00007fff35892000 	/System/Library/Frameworks/IOBluetooth.framework/Versions/A/IOBluetooth
0x00007fff5995c000 	/System/Library/PrivateFrameworks/MobileKeyBag.framework/Versions/A/MobileKeyBag
0x00007fff4b4a0000 	/System/Library/PrivateFrameworks/CorePhoneNumbers.framework/Versions/A/CorePhoneNumbers
0x00007fff464e4000 	/System/Library/PrivateFrameworks/AppleIDAuthSupport.framework/Versions/A/AppleIDAuthSupport
0x00007fff395c4000 	/System/Library/Frameworks/Network.framework/Versions/A/Network
0x00007fff5802a000 	/System/Library/PrivateFrameworks/KeychainCircle.framework/Versions/A/KeychainCircle
0x00007fff326bf000 	/System/Library/Frameworks/CoreBluetooth.framework/Versions/A/CoreBluetooth
0x00007fff62897000 	/System/Library/PrivateFrameworks/SpeechRecognitionCore.framework/Versions/A/SpeechRecognitionCore
0x00007fff25c9b000 	/System/Library/CoreServices/Encodings/libJapaneseConverter.dylib
0x0000000108000000 	/Applications/Eclipse_2020-12.app/Contents/java/11/Home/lib/server/libjvm.dylib
0x0000000106e98000 	/Applications/Eclipse_2020-12.app/Contents/java/11/Home/lib/libverify.dylib
0x0000000106ea9000 	/Applications/Eclipse_2020-12.app/Contents/java/11/Home/lib/libjava.dylib
0x0000000106ed5000 	/Applications/Eclipse_2020-12.app/Contents/java/11/Home/lib/libjimage.dylib
0x0000000106ee3000 	/Applications/Eclipse_2020-12.app/Contents/java/11/Home/lib/libjdwp.dylib
0x0000000106f20000 	/Applications/Eclipse_2020-12.app/Contents/java/11/Home/lib/libinstrument.dylib
0x0000000106f78000 	/Applications/Eclipse_2020-12.app/Contents/java/11/Home/lib/libzip.dylib
0x0000000106f9f000 	/Applications/Eclipse_2020-12.app/Contents/java/11/Home/lib/libdt_socket.dylib
0x0000000106fa9000 	/Applications/Eclipse_2020-12.app/Contents/java/11/Home/lib/libnio.dylib
0x0000000106fbc000 	/Applications/Eclipse_2020-12.app/Contents/java/11/Home/lib/libnet.dylib
0x0000000106fd5000 	/Applications/Eclipse_2020-12.app/Contents/java/11/Home/lib/libextnet.dylib
0x0000000106fdd000 	/Applications/Eclipse_2020-12.app/Contents/java/11/Home/lib/libmanagement.dylib
0x0000000106fe7000 	/Applications/Eclipse_2020-12.app/Contents/java/11/Home/lib/libmanagement_ext.dylib
0x0000000114903000 	/Applications/Eclipse_2020-12.app/Contents/java/11/Home/lib/libsunec.dylib


VM Arguments:
jvm_args: -agentlib:jdwp=transport=dt_socket,suspend=y,address=localhost:49877 -ea -javaagent:/Applications/Eclipse_2020-12.app/Contents/Eclipse/configuration/org.eclipse.osgi/1178/0/.cp/lib/javaagent-shaded.jar -Dfile.encoding=UTF-8 
java_command: org.eclipse.jdt.internal.junit.runner.RemoteTestRunner -version 3 -port 49876 -testLoaderClass org.eclipse.jdt.internal.junit5.runner.JUnit5TestLoader -loaderpluginname org.eclipse.jdt.junit5.runtime -classNames com.example.demo.controller.CustomerUpsertConfirmControllerTest
java_class_path (initial): /Users/tanakamasato/Documents/work/springTest2/target/test-classes:/Users/tanakamasato/Documents/work/springTest2/target/classes:/Users/tanakamasato/.m2/repository/org/springframework/boot/spring-boot-starter-data-jdbc/2.4.2/spring-boot-starter-data-jdbc-2.4.2.jar:/Users/tanakamasato/.m2/repository/org/springframework/boot/spring-boot-starter-jdbc/2.4.2/spring-boot-starter-jdbc-2.4.2.jar:/Users/tanakamasato/.m2/repository/com/zaxxer/HikariCP/3.4.5/HikariCP-3.4.5.jar:/Users/tanakamasato/.m2/repository/org/springframework/spring-jdbc/5.3.3/spring-jdbc-5.3.3.jar:/Users/tanakamasato/.m2/repository/org/springframework/data/spring-data-jdbc/2.1.3/spring-data-jdbc-2.1.3.jar:/Users/tanakamasato/.m2/repository/org/springframework/data/spring-data-relational/2.1.3/spring-data-relational-2.1.3.jar:/Users/tanakamasato/.m2/repository/org/springframework/data/spring-data-commons/2.4.3/spring-data-commons-2.4.3.jar:/Users/tanakamasato/.m2/repository/org/springframework/spring-tx/5.3.3/spring-tx-5.3.3.jar:/Users/tanakamasato/.m2/repository/org/springframework/spring-context/5.3.3/spring-context-5.3.3.jar:/Users/tanakamasato/.m2/repository/org/springframework/spring-beans/5.3.3/spring-beans-5.3.3.jar:/Users/tanakamasato/.m2/repository/org/springframework/boot/spring-boot-starter-security/2.4.2/spring-boot-starter-security-2.4.2.jar:/Users/tanakamasato/.m2/repository/org/springframework/spring-aop/5.3.3/spring-aop-5.3.3.jar:/Users/tanakamasato/.m2/repository/org/springframework/security/spring-security-config/5.4.2/spring-security-config-5.4.2.jar:/Users/tanakamasato/.m2/repository/org/springframework/security/spring-security-web/5.4.2/spring-security-web-5.4.2.jar:/Users/tanakamasato/.m2/repository/org/springframework/spring-expression/5.3.3/spring-expression-5.3.3.jar:/Users/tanakamasato/.m2/repository/org/springframework/boot/spring-boot-starter-thymeleaf/2.4.2/spring-boot-starter-thymeleaf-2.4.2.jar:/Users/tanakamasato/.m2/repository/org/thymeleaf/thy
Launcher Type: SUN_STANDARD

[Global flags]
     intx CICompilerCount                          = 4                                         {product} {ergonomic}
     uint ConcGCThreads                            = 2                                         {product} {ergonomic}
     uint G1ConcRefinementThreads                  = 8                                         {product} {ergonomic}
   size_t G1HeapRegionSize                         = 1048576                                   {product} {ergonomic}
    uintx GCDrainStackTargetSize                   = 64                                        {product} {ergonomic}
   size_t InitialHeapSize                          = 134217728                                 {product} {ergonomic}
   size_t MarkStackSize                            = 4194304                                   {product} {ergonomic}
   size_t MaxHeapSize                              = 2147483648                                {product} {ergonomic}
   size_t MaxNewSize                               = 1287651328                                {product} {ergonomic}
   size_t MinHeapDeltaBytes                        = 1048576                                   {product} {ergonomic}
    uintx NonNMethodCodeHeapSize                   = 5836300                                {pd product} {ergonomic}
    uintx NonProfiledCodeHeapSize                  = 122910970                              {pd product} {ergonomic}
    uintx ProfiledCodeHeapSize                     = 122910970                              {pd product} {ergonomic}
    uintx ReservedCodeCacheSize                    = 251658240                              {pd product} {ergonomic}
     bool SegmentedCodeCache                       = true                                      {product} {ergonomic}
     bool UseCompressedClassPointers               = true                                 {lp64_product} {ergonomic}
     bool UseCompressedOops                        = true                                 {lp64_product} {ergonomic}
     bool UseG1GC                                  = true                                      {product} {ergonomic}

Logging:
Log output configuration:
 #0: stdout all=warning uptime,level,tags
 #1: stderr all=off uptime,level,tags

Environment Variables:
PATH=/usr/bin:/bin:/usr/sbin:/sbin
SHELL=/bin/zsh

Signal Handlers:
SIGSEGV: [libjvm.dylib+0x7b8c82], sa_mask[0]=11111111011111110111111111111111, sa_flags=SA_ONSTACK|SA_RESTART|SA_SIGINFO
SIGBUS: [libjvm.dylib+0x7b8c82], sa_mask[0]=11111111011111110111111111111111, sa_flags=SA_RESTART|SA_SIGINFO
SIGFPE: [libjvm.dylib+0x7b8c82], sa_mask[0]=11111111011111110111111111111111, sa_flags=SA_RESTART|SA_SIGINFO
SIGPIPE: [libjvm.dylib+0x61f47b], sa_mask[0]=11111111011111110111111111111111, sa_flags=SA_RESTART|SA_SIGINFO
SIGXFSZ: [libjvm.dylib+0x61f47b], sa_mask[0]=11111111011111110111111111111111, sa_flags=SA_RESTART|SA_SIGINFO
SIGILL: [libjvm.dylib+0x7b8c82], sa_mask[0]=11111111011111110111111111111111, sa_flags=SA_RESTART|SA_SIGINFO
SIGUSR2: [libjvm.dylib+0x61fa63], sa_mask[0]=00100000000000000000000000000000, sa_flags=SA_RESTART|SA_SIGINFO
SIGHUP: [libjvm.dylib+0x61e5a9], sa_mask[0]=11111111011111110111111111111111, sa_flags=SA_RESTART|SA_SIGINFO
SIGINT: [libjvm.dylib+0x61e5a9], sa_mask[0]=11111111011111110111111111111111, sa_flags=SA_RESTART|SA_SIGINFO
SIGTERM: [libjvm.dylib+0x61e5a9], sa_mask[0]=11111111011111110111111111111111, sa_flags=SA_RESTART|SA_SIGINFO
SIGQUIT: [libjvm.dylib+0x61e5a9], sa_mask[0]=11111111011111110111111111111111, sa_flags=SA_RESTART|SA_SIGINFO


---------------  S Y S T E M  ---------------

OS:uname:Darwin 19.6.0 Darwin Kernel Version 19.6.0: Tue Nov 10 00:10:30 PST 2020; root:xnu-6153.141.10~1/RELEASE_X86_64 x86_64
OS uptime: 29 days 22:08 hours
rlimit (soft/hard): STACK 8192k/65532k , CORE 0k/infinity , NPROC 1392/2088 , NOFILE 10240/infinity , AS infinity/infinity , CPU infinity/infinity , DATA infinity/infinity , FSIZE infinity/infinity , MEMLOCK infinity/infinity , RSS infinity/infinity
load average:3.13 3.49 5.15

CPU:total 8 (initial active 8) (4 cores per cpu, 2 threads per core) family 6 model 142 stepping 10, cmov, cx8, fxsr, mmx, sse, sse2, sse3, ssse3, sse4.1, sse4.2, popcnt, avx, avx2, aes, clmul, erms, 3dnowpref, lzcnt, ht, tsc, tscinvbit, bmi1, bmi2, adx, fma

Memory: 4k page, physical 8388608k(85020k free), swap 3145728k(1423104k free)

vm_info: OpenJDK 64-Bit Server VM (11.0.9+11) for bsd-amd64 JRE (11.0.9+11), built on Oct 24 2020 16:04:54 by "jenkins" with gcc 4.2.1 Compatible Apple LLVM 10.0.1 (clang-1001.0.46.4)

END.
